#
# There is insufficient memory for the Java Runtime Environment to continue.
# Native memory allocation (malloc) failed to allocate 875216 bytes for Chunk::new
# Possible reasons:
#   The system is out of physical RAM or swap space
#   The process is running with CompressedOops enabled, and the Java Heap may be blocking the growth of the native heap
# Possible solutions:
#   Reduce memory load on the system
#   Increase physical memory or swap space
#   Check if swap backing store is full
#   Decrease Java heap size (-Xmx/-Xms)
#   Decrease number of Java threads
#   Decrease Java thread stack sizes (-Xss)
#   Set larger code cache with -XX:ReservedCodeCacheSize=
#   JVM is running with Zero Based Compressed Oops mode in which the Java heap is
#     placed in the first 32GB address space. The Java Heap base address is the
#     maximum limit for the native heap growth. Please use -XX:HeapBaseMinAddress
#     to set the Java Heap base and to place the Java Heap above 32GB virtual address.
# This output file may be truncated or incomplete.
#
#  Out of Memory Error (arena.cpp:189), pid=6732, tid=1932
#
# JRE version: Java(TM) SE Runtime Environment (17.0.12+8) (build 17.0.12+8-LTS-286)
# Java VM: Java HotSpot(TM) 64-Bit Server VM (17.0.12+8-LTS-286, mixed mode, sharing, tiered, compressed oops, compressed class ptrs, g1 gc, windows-amd64)
# No core dump will be written. Minidumps are not enabled by default on client versions of Windows
#

---------------  S U M M A R Y ------------

Command Line: -Dclassworlds.conf=C:\Program Files\NetBeans-23\netbeans\java\maven\bin\m2.conf -Dmaven.home=C:\Program Files\NetBeans-23\netbeans\java\maven -Dlibrary.jansi.path=C:\Program Files\NetBeans-23\netbeans\java\maven\lib\jansi-native -Dmaven.multiModuleProjectDirectory=C:\Users\Sistemas\Downloads\MySQL_Java-main\MySQL_Java-main org.codehaus.plexus.classworlds.launcher.Launcher -Dmaven.ext.class.path=C:\Program Files\NetBeans-23\netbeans\java\maven-nblib\netbeans-eventspy.jar --no-transfer-progress install

Host: Intel(R) Core(TM) i5-8500 CPU @ 3.00GHz, 6 cores, 15G,  Windows 11 , 64 bit Build 26100 (10.0.26100.3775)
Time: Tue Apr 29 09:30:42 2025 Hora est. Pacífico, Sudamérica elapsed time: 2.062666 seconds (0d 0h 0m 2s)

---------------  T H R E A D  ---------------

Current thread (0x00000142764fe880):  JavaThread "C2 CompilerThread0" daemon [_thread_in_native, id=1932, stack(0x000000149b600000,0x000000149b700000)]


Current CompileTask:
C2:   2062 2696       4       org.codehaus.plexus.util.xml.pull.MXParser::parseStartTag (1190 bytes)

Stack: [0x000000149b600000,0x000000149b700000]
Native frames: (J=compiled Java code, j=interpreted, Vv=VM code, C=native code)
V  [jvm.dll+0x67a04a]
V  [jvm.dll+0x7da4ed]
V  [jvm.dll+0x7dbe33]
V  [jvm.dll+0x7dc4a3]
V  [jvm.dll+0x24508f]
V  [jvm.dll+0xab773]
V  [jvm.dll+0xabd3c]
V  [jvm.dll+0x361b9f]
V  [jvm.dll+0x32c431]
V  [jvm.dll+0x32b8ca]
V  [jvm.dll+0x21683f]
V  [jvm.dll+0x215c6f]
V  [jvm.dll+0x1a2960]
V  [jvm.dll+0x22610b]
V  [jvm.dll+0x2242ab]
V  [jvm.dll+0x79075c]
V  [jvm.dll+0x78abea]
V  [jvm.dll+0x678f35]
C  [ucrtbase.dll+0x37b0]
C  [KERNEL32.DLL+0x2e8d7]
C  [ntdll.dll+0xb14fc]


---------------  P R O C E S S  ---------------

Threads class SMR info:
_java_thread_list=0x000001427b5a7030, length=13, elements={
0x000001425384f4d0, 0x00000142764e22e0, 0x00000142764e3330, 0x00000142764f91c0,
0x00000142764f96a0, 0x00000142764f9b80, 0x00000142764fa060, 0x00000142764fe880,
0x000001427650bb80, 0x000001427650e0b0, 0x000001427676c1b0, 0x000001427677cee0,
0x000001427b2b0ad0
}

Java Threads: ( => current thread )
  0x000001425384f4d0 JavaThread "main" [_thread_in_native, id=20968, stack(0x000000149a900000,0x000000149aa00000)]
  0x00000142764e22e0 JavaThread "Reference Handler" daemon [_thread_blocked, id=13196, stack(0x000000149b000000,0x000000149b100000)]
  0x00000142764e3330 JavaThread "Finalizer" daemon [_thread_blocked, id=8588, stack(0x000000149b100000,0x000000149b200000)]
  0x00000142764f91c0 JavaThread "Signal Dispatcher" daemon [_thread_blocked, id=14524, stack(0x000000149b200000,0x000000149b300000)]
  0x00000142764f96a0 JavaThread "Attach Listener" daemon [_thread_blocked, id=13560, stack(0x000000149b300000,0x000000149b400000)]
  0x00000142764f9b80 JavaThread "Service Thread" daemon [_thread_blocked, id=4396, stack(0x000000149b400000,0x000000149b500000)]
  0x00000142764fa060 JavaThread "Monitor Deflation Thread" daemon [_thread_blocked, id=19504, stack(0x000000149b500000,0x000000149b600000)]
=>0x00000142764fe880 JavaThread "C2 CompilerThread0" daemon [_thread_in_native, id=1932, stack(0x000000149b600000,0x000000149b700000)]
  0x000001427650bb80 JavaThread "C1 CompilerThread0" daemon [_thread_blocked, id=11724, stack(0x000000149b700000,0x000000149b800000)]
  0x000001427650e0b0 JavaThread "Sweeper thread" daemon [_thread_blocked, id=13132, stack(0x000000149b800000,0x000000149b900000)]
  0x000001427676c1b0 JavaThread "Notification Thread" daemon [_thread_blocked, id=15324, stack(0x000000149b900000,0x000000149ba00000)]
  0x000001427677cee0 JavaThread "Common-Cleaner" daemon [_thread_blocked, id=15136, stack(0x000000149bb00000,0x000000149bc00000)]
  0x000001427b2b0ad0 JavaThread "C2 CompilerThread1" daemon [_thread_in_native, id=7512, stack(0x000000149bc00000,0x000000149bd00000)]

Other Threads:
  0x00000142764ddec0 VMThread "VM Thread" [stack: 0x000000149af00000,0x000000149b000000] [id=24496]
  0x00000142538d2e40 WatcherThread [stack: 0x000000149ba00000,0x000000149bb00000] [id=22200]
  0x00000142538b9e40 GCTaskThread "GC Thread#0" [stack: 0x000000149aa00000,0x000000149ab00000] [id=15436]
  0x000001427b28e320 GCTaskThread "GC Thread#1" [stack: 0x000000149bd00000,0x000000149be00000] [id=14632]
  0x000001427b7900e0 GCTaskThread "GC Thread#2" [stack: 0x000000149be00000,0x000000149bf00000] [id=4556]
  0x000001427685d4c0 GCTaskThread "GC Thread#3" [stack: 0x000000149bf00000,0x000000149c000000] [id=5376]
  0x000001427b84ac30 GCTaskThread "GC Thread#4" [stack: 0x000000149c000000,0x000000149c100000] [id=17824]
  0x000001427b744ac0 GCTaskThread "GC Thread#5" [stack: 0x000000149c100000,0x000000149c200000] [id=16780]
  0x00000142538ccf00 ConcurrentGCThread "G1 Main Marker" [stack: 0x000000149ab00000,0x000000149ac00000] [id=14792]
  0x00000142538cdec0 ConcurrentGCThread "G1 Conc#0" [stack: 0x000000149ac00000,0x000000149ad00000] [id=18952]
  0x000001425391d760 ConcurrentGCThread "G1 Refine#0" [stack: 0x000000149ad00000,0x000000149ae00000] [id=22136]
  0x0000014276397660 ConcurrentGCThread "G1 Service" [stack: 0x000000149ae00000,0x000000149af00000] [id=22552]

Threads with active compile tasks:
C2 CompilerThread0     2106 2696       4       org.codehaus.plexus.util.xml.pull.MXParser::parseStartTag (1190 bytes)
C2 CompilerThread1     2106 2773       4       org.codehaus.plexus.util.xml.pull.MXParser::nextImpl (1203 bytes)

VM state: not at safepoint (normal execution)

VM Mutex/Monitor currently owned by a thread: None

Heap address: 0x0000000709800000, size: 3944 MB, Compressed Oops mode: Zero based, Oop shift amount: 3

CDS archive(s) mapped at: [0x0000014200000000-0x0000014200bd0000-0x0000014200bd0000), size 12386304, SharedBaseAddress: 0x0000014200000000, ArchiveRelocationMode: 1.
Compressed class space mapped at: 0x0000014201000000-0x0000014241000000, reserved size: 1073741824
Narrow klass base: 0x0000014200000000, Narrow klass shift: 0, Narrow klass range: 0x100000000

GC Precious Log:
 CPUs: 6 total, 6 available
 Memory: 15774M
 Large Page Support: Disabled
 NUMA Support: Disabled
 Compressed Oops: Enabled (Zero based)
 Heap Region Size: 2M
 Heap Min Capacity: 8M
 Heap Initial Capacity: 248M
 Heap Max Capacity: 3944M
 Pre-touch: Disabled
 Parallel Workers: 6
 Concurrent Workers: 2
 Concurrent Refinement Workers: 6
 Periodic GC: Disabled

Heap:
 garbage-first heap   total 253952K, used 43581K [0x0000000709800000, 0x0000000800000000)
  region size 2048K, 21 young (43008K), 1 survivors (2048K)
 Metaspace       used 14925K, committed 15168K, reserved 1114112K
  class space    used 1828K, committed 1920K, reserved 1048576K

Heap Regions: E=young(eden), S=young(survivor), O=old, HS=humongous(starts), HC=humongous(continues), CS=collection set, F=free, OA=open archive, CA=closed archive, TAMS=top-at-mark-start (previous, next)
|   0|0x0000000709800000, 0x0000000709a00000, 0x0000000709a00000|100%| O|  |TAMS 0x0000000709800000, 0x0000000709800000| Untracked 
|   1|0x0000000709a00000, 0x0000000709b5ae00, 0x0000000709c00000| 67%| O|  |TAMS 0x0000000709a00000, 0x0000000709a00000| Untracked 
|   2|0x0000000709c00000, 0x0000000709c00000, 0x0000000709e00000|  0%| F|  |TAMS 0x0000000709c00000, 0x0000000709c00000| Untracked 
|   3|0x0000000709e00000, 0x0000000709e00000, 0x000000070a000000|  0%| F|  |TAMS 0x0000000709e00000, 0x0000000709e00000| Untracked 
|   4|0x000000070a000000, 0x000000070a000000, 0x000000070a200000|  0%| F|  |TAMS 0x000000070a000000, 0x000000070a000000| Untracked 
|   5|0x000000070a200000, 0x000000070a200000, 0x000000070a400000|  0%| F|  |TAMS 0x000000070a200000, 0x000000070a200000| Untracked 
|   6|0x000000070a400000, 0x000000070a400000, 0x000000070a600000|  0%| F|  |TAMS 0x000000070a400000, 0x000000070a400000| Untracked 
|   7|0x000000070a600000, 0x000000070a600000, 0x000000070a800000|  0%| F|  |TAMS 0x000000070a600000, 0x000000070a600000| Untracked 
|   8|0x000000070a800000, 0x000000070a800000, 0x000000070aa00000|  0%| F|  |TAMS 0x000000070a800000, 0x000000070a800000| Untracked 
|   9|0x000000070aa00000, 0x000000070aa00000, 0x000000070ac00000|  0%| F|  |TAMS 0x000000070aa00000, 0x000000070aa00000| Untracked 
|  10|0x000000070ac00000, 0x000000070ac00000, 0x000000070ae00000|  0%| F|  |TAMS 0x000000070ac00000, 0x000000070ac00000| Untracked 
|  11|0x000000070ae00000, 0x000000070ae00000, 0x000000070b000000|  0%| F|  |TAMS 0x000000070ae00000, 0x000000070ae00000| Untracked 
|  12|0x000000070b000000, 0x000000070b000000, 0x000000070b200000|  0%| F|  |TAMS 0x000000070b000000, 0x000000070b000000| Untracked 
|  13|0x000000070b200000, 0x000000070b200000, 0x000000070b400000|  0%| F|  |TAMS 0x000000070b200000, 0x000000070b200000| Untracked 
|  14|0x000000070b400000, 0x000000070b400000, 0x000000070b600000|  0%| F|  |TAMS 0x000000070b400000, 0x000000070b400000| Untracked 
|  15|0x000000070b600000, 0x000000070b600000, 0x000000070b800000|  0%| F|  |TAMS 0x000000070b600000, 0x000000070b600000| Untracked 
|  16|0x000000070b800000, 0x000000070b800000, 0x000000070ba00000|  0%| F|  |TAMS 0x000000070b800000, 0x000000070b800000| Untracked 
|  17|0x000000070ba00000, 0x000000070ba00000, 0x000000070bc00000|  0%| F|  |TAMS 0x000000070ba00000, 0x000000070ba00000| Untracked 
|  18|0x000000070bc00000, 0x000000070bc00000, 0x000000070be00000|  0%| F|  |TAMS 0x000000070bc00000, 0x000000070bc00000| Untracked 
|  19|0x000000070be00000, 0x000000070be00000, 0x000000070c000000|  0%| F|  |TAMS 0x000000070be00000, 0x000000070be00000| Untracked 
|  20|0x000000070c000000, 0x000000070c000000, 0x000000070c200000|  0%| F|  |TAMS 0x000000070c000000, 0x000000070c000000| Untracked 
|  21|0x000000070c200000, 0x000000070c200000, 0x000000070c400000|  0%| F|  |TAMS 0x000000070c200000, 0x000000070c200000| Untracked 
|  22|0x000000070c400000, 0x000000070c400000, 0x000000070c600000|  0%| F|  |TAMS 0x000000070c400000, 0x000000070c400000| Untracked 
|  23|0x000000070c600000, 0x000000070c600000, 0x000000070c800000|  0%| F|  |TAMS 0x000000070c600000, 0x000000070c600000| Untracked 
|  24|0x000000070c800000, 0x000000070c800000, 0x000000070ca00000|  0%| F|  |TAMS 0x000000070c800000, 0x000000070c800000| Untracked 
|  25|0x000000070ca00000, 0x000000070ca00000, 0x000000070cc00000|  0%| F|  |TAMS 0x000000070ca00000, 0x000000070ca00000| Untracked 
|  26|0x000000070cc00000, 0x000000070cc00000, 0x000000070ce00000|  0%| F|  |TAMS 0x000000070cc00000, 0x000000070cc00000| Untracked 
|  27|0x000000070ce00000, 0x000000070ce00000, 0x000000070d000000|  0%| F|  |TAMS 0x000000070ce00000, 0x000000070ce00000| Untracked 
|  28|0x000000070d000000, 0x000000070d000000, 0x000000070d200000|  0%| F|  |TAMS 0x000000070d000000, 0x000000070d000000| Untracked 
|  29|0x000000070d200000, 0x000000070d200000, 0x000000070d400000|  0%| F|  |TAMS 0x000000070d200000, 0x000000070d200000| Untracked 
|  30|0x000000070d400000, 0x000000070d400000, 0x000000070d600000|  0%| F|  |TAMS 0x000000070d400000, 0x000000070d400000| Untracked 
|  31|0x000000070d600000, 0x000000070d600000, 0x000000070d800000|  0%| F|  |TAMS 0x000000070d600000, 0x000000070d600000| Untracked 
|  32|0x000000070d800000, 0x000000070d800000, 0x000000070da00000|  0%| F|  |TAMS 0x000000070d800000, 0x000000070d800000| Untracked 
|  33|0x000000070da00000, 0x000000070da00000, 0x000000070dc00000|  0%| F|  |TAMS 0x000000070da00000, 0x000000070da00000| Untracked 
|  34|0x000000070dc00000, 0x000000070dc00000, 0x000000070de00000|  0%| F|  |TAMS 0x000000070dc00000, 0x000000070dc00000| Untracked 
|  35|0x000000070de00000, 0x000000070de00000, 0x000000070e000000|  0%| F|  |TAMS 0x000000070de00000, 0x000000070de00000| Untracked 
|  36|0x000000070e000000, 0x000000070e000000, 0x000000070e200000|  0%| F|  |TAMS 0x000000070e000000, 0x000000070e000000| Untracked 
|  37|0x000000070e200000, 0x000000070e200000, 0x000000070e400000|  0%| F|  |TAMS 0x000000070e200000, 0x000000070e200000| Untracked 
|  38|0x000000070e400000, 0x000000070e400000, 0x000000070e600000|  0%| F|  |TAMS 0x000000070e400000, 0x000000070e400000| Untracked 
|  39|0x000000070e600000, 0x000000070e600000, 0x000000070e800000|  0%| F|  |TAMS 0x000000070e600000, 0x000000070e600000| Untracked 
|  40|0x000000070e800000, 0x000000070e800000, 0x000000070ea00000|  0%| F|  |TAMS 0x000000070e800000, 0x000000070e800000| Untracked 
|  41|0x000000070ea00000, 0x000000070ea00000, 0x000000070ec00000|  0%| F|  |TAMS 0x000000070ea00000, 0x000000070ea00000| Untracked 
|  42|0x000000070ec00000, 0x000000070ec00000, 0x000000070ee00000|  0%| F|  |TAMS 0x000000070ec00000, 0x000000070ec00000| Untracked 
|  43|0x000000070ee00000, 0x000000070ee00000, 0x000000070f000000|  0%| F|  |TAMS 0x000000070ee00000, 0x000000070ee00000| Untracked 
|  44|0x000000070f000000, 0x000000070f000000, 0x000000070f200000|  0%| F|  |TAMS 0x000000070f000000, 0x000000070f000000| Untracked 
|  45|0x000000070f200000, 0x000000070f200000, 0x000000070f400000|  0%| F|  |TAMS 0x000000070f200000, 0x000000070f200000| Untracked 
|  46|0x000000070f400000, 0x000000070f400000, 0x000000070f600000|  0%| F|  |TAMS 0x000000070f400000, 0x000000070f400000| Untracked 
|  47|0x000000070f600000, 0x000000070f600000, 0x000000070f800000|  0%| F|  |TAMS 0x000000070f600000, 0x000000070f600000| Untracked 
|  48|0x000000070f800000, 0x000000070f800000, 0x000000070fa00000|  0%| F|  |TAMS 0x000000070f800000, 0x000000070f800000| Untracked 
|  49|0x000000070fa00000, 0x000000070fa00000, 0x000000070fc00000|  0%| F|  |TAMS 0x000000070fa00000, 0x000000070fa00000| Untracked 
|  50|0x000000070fc00000, 0x000000070fc00000, 0x000000070fe00000|  0%| F|  |TAMS 0x000000070fc00000, 0x000000070fc00000| Untracked 
|  51|0x000000070fe00000, 0x000000070fe00000, 0x0000000710000000|  0%| F|  |TAMS 0x000000070fe00000, 0x000000070fe00000| Untracked 
|  52|0x0000000710000000, 0x0000000710000000, 0x0000000710200000|  0%| F|  |TAMS 0x0000000710000000, 0x0000000710000000| Untracked 
|  53|0x0000000710200000, 0x0000000710200000, 0x0000000710400000|  0%| F|  |TAMS 0x0000000710200000, 0x0000000710200000| Untracked 
|  54|0x0000000710400000, 0x0000000710400000, 0x0000000710600000|  0%| F|  |TAMS 0x0000000710400000, 0x0000000710400000| Untracked 
|  55|0x0000000710600000, 0x0000000710600000, 0x0000000710800000|  0%| F|  |TAMS 0x0000000710600000, 0x0000000710600000| Untracked 
|  56|0x0000000710800000, 0x0000000710800000, 0x0000000710a00000|  0%| F|  |TAMS 0x0000000710800000, 0x0000000710800000| Untracked 
|  57|0x0000000710a00000, 0x0000000710a00000, 0x0000000710c00000|  0%| F|  |TAMS 0x0000000710a00000, 0x0000000710a00000| Untracked 
|  58|0x0000000710c00000, 0x0000000710c00000, 0x0000000710e00000|  0%| F|  |TAMS 0x0000000710c00000, 0x0000000710c00000| Untracked 
|  59|0x0000000710e00000, 0x0000000710e00000, 0x0000000711000000|  0%| F|  |TAMS 0x0000000710e00000, 0x0000000710e00000| Untracked 
|  60|0x0000000711000000, 0x0000000711000000, 0x0000000711200000|  0%| F|  |TAMS 0x0000000711000000, 0x0000000711000000| Untracked 
|  61|0x0000000711200000, 0x0000000711200000, 0x0000000711400000|  0%| F|  |TAMS 0x0000000711200000, 0x0000000711200000| Untracked 
|  62|0x0000000711400000, 0x0000000711400000, 0x0000000711600000|  0%| F|  |TAMS 0x0000000711400000, 0x0000000711400000| Untracked 
|  63|0x0000000711600000, 0x0000000711600000, 0x0000000711800000|  0%| F|  |TAMS 0x0000000711600000, 0x0000000711600000| Untracked 
|  64|0x0000000711800000, 0x0000000711800000, 0x0000000711a00000|  0%| F|  |TAMS 0x0000000711800000, 0x0000000711800000| Untracked 
|  65|0x0000000711a00000, 0x0000000711a00000, 0x0000000711c00000|  0%| F|  |TAMS 0x0000000711a00000, 0x0000000711a00000| Untracked 
|  66|0x0000000711c00000, 0x0000000711c00000, 0x0000000711e00000|  0%| F|  |TAMS 0x0000000711c00000, 0x0000000711c00000| Untracked 
|  67|0x0000000711e00000, 0x0000000711e00000, 0x0000000712000000|  0%| F|  |TAMS 0x0000000711e00000, 0x0000000711e00000| Untracked 
|  68|0x0000000712000000, 0x0000000712000000, 0x0000000712200000|  0%| F|  |TAMS 0x0000000712000000, 0x0000000712000000| Untracked 
|  69|0x0000000712200000, 0x0000000712200000, 0x0000000712400000|  0%| F|  |TAMS 0x0000000712200000, 0x0000000712200000| Untracked 
|  70|0x0000000712400000, 0x0000000712400000, 0x0000000712600000|  0%| F|  |TAMS 0x0000000712400000, 0x0000000712400000| Untracked 
|  71|0x0000000712600000, 0x0000000712600000, 0x0000000712800000|  0%| F|  |TAMS 0x0000000712600000, 0x0000000712600000| Untracked 
|  72|0x0000000712800000, 0x0000000712800000, 0x0000000712a00000|  0%| F|  |TAMS 0x0000000712800000, 0x0000000712800000| Untracked 
|  73|0x0000000712a00000, 0x0000000712a00000, 0x0000000712c00000|  0%| F|  |TAMS 0x0000000712a00000, 0x0000000712a00000| Untracked 
|  74|0x0000000712c00000, 0x0000000712c00000, 0x0000000712e00000|  0%| F|  |TAMS 0x0000000712c00000, 0x0000000712c00000| Untracked 
|  75|0x0000000712e00000, 0x0000000712e00000, 0x0000000713000000|  0%| F|  |TAMS 0x0000000712e00000, 0x0000000712e00000| Untracked 
|  76|0x0000000713000000, 0x0000000713000000, 0x0000000713200000|  0%| F|  |TAMS 0x0000000713000000, 0x0000000713000000| Untracked 
|  77|0x0000000713200000, 0x0000000713200000, 0x0000000713400000|  0%| F|  |TAMS 0x0000000713200000, 0x0000000713200000| Untracked 
|  78|0x0000000713400000, 0x0000000713400000, 0x0000000713600000|  0%| F|  |TAMS 0x0000000713400000, 0x0000000713400000| Untracked 
|  79|0x0000000713600000, 0x0000000713600000, 0x0000000713800000|  0%| F|  |TAMS 0x0000000713600000, 0x0000000713600000| Untracked 
|  80|0x0000000713800000, 0x0000000713800000, 0x0000000713a00000|  0%| F|  |TAMS 0x0000000713800000, 0x0000000713800000| Untracked 
|  81|0x0000000713a00000, 0x0000000713a00000, 0x0000000713c00000|  0%| F|  |TAMS 0x0000000713a00000, 0x0000000713a00000| Untracked 
|  82|0x0000000713c00000, 0x0000000713c00000, 0x0000000713e00000|  0%| F|  |TAMS 0x0000000713c00000, 0x0000000713c00000| Untracked 
|  83|0x0000000713e00000, 0x0000000713e00000, 0x0000000714000000|  0%| F|  |TAMS 0x0000000713e00000, 0x0000000713e00000| Untracked 
|  84|0x0000000714000000, 0x0000000714000000, 0x0000000714200000|  0%| F|  |TAMS 0x0000000714000000, 0x0000000714000000| Untracked 
|  85|0x0000000714200000, 0x0000000714200000, 0x0000000714400000|  0%| F|  |TAMS 0x0000000714200000, 0x0000000714200000| Untracked 
|  86|0x0000000714400000, 0x0000000714400000, 0x0000000714600000|  0%| F|  |TAMS 0x0000000714400000, 0x0000000714400000| Untracked 
|  87|0x0000000714600000, 0x0000000714600000, 0x0000000714800000|  0%| F|  |TAMS 0x0000000714600000, 0x0000000714600000| Untracked 
|  88|0x0000000714800000, 0x0000000714800000, 0x0000000714a00000|  0%| F|  |TAMS 0x0000000714800000, 0x0000000714800000| Untracked 
|  89|0x0000000714a00000, 0x0000000714a00000, 0x0000000714c00000|  0%| F|  |TAMS 0x0000000714a00000, 0x0000000714a00000| Untracked 
|  90|0x0000000714c00000, 0x0000000714c00000, 0x0000000714e00000|  0%| F|  |TAMS 0x0000000714c00000, 0x0000000714c00000| Untracked 
|  91|0x0000000714e00000, 0x0000000714e00000, 0x0000000715000000|  0%| F|  |TAMS 0x0000000714e00000, 0x0000000714e00000| Untracked 
|  92|0x0000000715000000, 0x0000000715000000, 0x0000000715200000|  0%| F|  |TAMS 0x0000000715000000, 0x0000000715000000| Untracked 
|  93|0x0000000715200000, 0x0000000715200000, 0x0000000715400000|  0%| F|  |TAMS 0x0000000715200000, 0x0000000715200000| Untracked 
|  94|0x0000000715400000, 0x0000000715400000, 0x0000000715600000|  0%| F|  |TAMS 0x0000000715400000, 0x0000000715400000| Untracked 
|  95|0x0000000715600000, 0x0000000715600000, 0x0000000715800000|  0%| F|  |TAMS 0x0000000715600000, 0x0000000715600000| Untracked 
|  96|0x0000000715800000, 0x0000000715800000, 0x0000000715a00000|  0%| F|  |TAMS 0x0000000715800000, 0x0000000715800000| Untracked 
|  97|0x0000000715a00000, 0x0000000715a00000, 0x0000000715c00000|  0%| F|  |TAMS 0x0000000715a00000, 0x0000000715a00000| Untracked 
|  98|0x0000000715c00000, 0x0000000715c00000, 0x0000000715e00000|  0%| F|  |TAMS 0x0000000715c00000, 0x0000000715c00000| Untracked 
|  99|0x0000000715e00000, 0x0000000715e00000, 0x0000000716000000|  0%| F|  |TAMS 0x0000000715e00000, 0x0000000715e00000| Untracked 
| 100|0x0000000716000000, 0x0000000716000000, 0x0000000716200000|  0%| F|  |TAMS 0x0000000716000000, 0x0000000716000000| Untracked 
| 101|0x0000000716200000, 0x0000000716200000, 0x0000000716400000|  0%| F|  |TAMS 0x0000000716200000, 0x0000000716200000| Untracked 
| 102|0x0000000716400000, 0x0000000716400000, 0x0000000716600000|  0%| F|  |TAMS 0x0000000716400000, 0x0000000716400000| Untracked 
| 103|0x0000000716600000, 0x0000000716700800, 0x0000000716800000| 50%| E|  |TAMS 0x0000000716600000, 0x0000000716600000| Complete 
| 104|0x0000000716800000, 0x0000000716a00000, 0x0000000716a00000|100%| E|CS|TAMS 0x0000000716800000, 0x0000000716800000| Complete 
| 105|0x0000000716a00000, 0x0000000716c00000, 0x0000000716c00000|100%| E|CS|TAMS 0x0000000716a00000, 0x0000000716a00000| Complete 
| 106|0x0000000716c00000, 0x0000000716e00000, 0x0000000716e00000|100%| E|CS|TAMS 0x0000000716c00000, 0x0000000716c00000| Complete 
| 107|0x0000000716e00000, 0x0000000717000000, 0x0000000717000000|100%| E|CS|TAMS 0x0000000716e00000, 0x0000000716e00000| Complete 
| 108|0x0000000717000000, 0x00000007171348b8, 0x0000000717200000| 60%| S|CS|TAMS 0x0000000717000000, 0x0000000717000000| Complete 
| 109|0x0000000717200000, 0x0000000717400000, 0x0000000717400000|100%| E|CS|TAMS 0x0000000717200000, 0x0000000717200000| Complete 
| 110|0x0000000717400000, 0x0000000717600000, 0x0000000717600000|100%| E|CS|TAMS 0x0000000717400000, 0x0000000717400000| Complete 
| 111|0x0000000717600000, 0x0000000717800000, 0x0000000717800000|100%| E|CS|TAMS 0x0000000717600000, 0x0000000717600000| Complete 
| 112|0x0000000717800000, 0x0000000717a00000, 0x0000000717a00000|100%| E|CS|TAMS 0x0000000717800000, 0x0000000717800000| Complete 
| 113|0x0000000717a00000, 0x0000000717c00000, 0x0000000717c00000|100%| E|CS|TAMS 0x0000000717a00000, 0x0000000717a00000| Complete 
| 114|0x0000000717c00000, 0x0000000717e00000, 0x0000000717e00000|100%| E|CS|TAMS 0x0000000717c00000, 0x0000000717c00000| Complete 
| 115|0x0000000717e00000, 0x0000000718000000, 0x0000000718000000|100%| E|CS|TAMS 0x0000000717e00000, 0x0000000717e00000| Complete 
| 116|0x0000000718000000, 0x0000000718200000, 0x0000000718200000|100%| E|CS|TAMS 0x0000000718000000, 0x0000000718000000| Complete 
| 117|0x0000000718200000, 0x0000000718400000, 0x0000000718400000|100%| E|CS|TAMS 0x0000000718200000, 0x0000000718200000| Complete 
| 118|0x0000000718400000, 0x0000000718600000, 0x0000000718600000|100%| E|CS|TAMS 0x0000000718400000, 0x0000000718400000| Complete 
| 119|0x0000000718600000, 0x0000000718800000, 0x0000000718800000|100%| E|CS|TAMS 0x0000000718600000, 0x0000000718600000| Complete 
| 120|0x0000000718800000, 0x0000000718a00000, 0x0000000718a00000|100%| E|CS|TAMS 0x0000000718800000, 0x0000000718800000| Complete 
| 121|0x0000000718a00000, 0x0000000718c00000, 0x0000000718c00000|100%| E|CS|TAMS 0x0000000718a00000, 0x0000000718a00000| Complete 
| 122|0x0000000718c00000, 0x0000000718e00000, 0x0000000718e00000|100%| E|CS|TAMS 0x0000000718c00000, 0x0000000718c00000| Complete 
| 123|0x0000000718e00000, 0x0000000719000000, 0x0000000719000000|100%| E|CS|TAMS 0x0000000718e00000, 0x0000000718e00000| Complete 

Card table byte_map: [0x000001426b1f0000,0x000001426b9b0000] _byte_map_base: 0x00000142679a4000

Marking Bits (Prev, Next): (CMBitMap*) 0x00000142538bc280, (CMBitMap*) 0x00000142538bc2c0
 Prev Bits: [0x000001426c170000, 0x000001426ff10000)
 Next Bits: [0x000001426ff10000, 0x0000014273cb0000)

Polling page: 0x00000142521b0000

Metaspace:

Usage:
  Non-class:     12.79 MB used.
      Class:      1.79 MB used.
       Both:     14.58 MB used.

Virtual space:
  Non-class space:       64.00 MB reserved,      12.94 MB ( 20%) committed,  1 nodes.
      Class space:        1.00 GB reserved,       1.88 MB ( <1%) committed,  1 nodes.
             Both:        1.06 GB reserved,      14.81 MB (  1%) committed. 

Chunk freelists:
   Non-Class:  2.31 MB
       Class:  13.98 MB
        Both:  16.29 MB

MaxMetaspaceSize: unlimited
CompressedClassSpaceSize: 1.00 GB
Initial GC threshold: 21.00 MB
Current GC threshold: 21.00 MB
CDS: on
MetaspaceReclaimPolicy: balanced
 - commit_granule_bytes: 65536.
 - commit_granule_words: 8192.
 - virtual_space_node_default_size: 8388608.
 - enlarge_chunks_in_place: 1.
 - new_chunks_are_fully_committed: 0.
 - uncommit_free_chunks: 1.
 - use_allocation_guard: 0.
 - handle_deallocations: 1.


Internal statistics:

num_allocs_failed_limit: 0.
num_arena_births: 88.
num_arena_deaths: 0.
num_vsnodes_births: 2.
num_vsnodes_deaths: 0.
num_space_committed: 237.
num_space_uncommitted: 0.
num_chunks_returned_to_freelist: 0.
num_chunks_taken_from_freelist: 624.
num_chunk_merges: 0.
num_chunk_splits: 423.
num_chunks_enlarged: 335.
num_inconsistent_stats: 0.

CodeHeap 'non-profiled nmethods': size=120000Kb used=1123Kb max_used=1123Kb free=118876Kb
 bounds [0x0000014262cc0000, 0x0000014262f30000, 0x000001426a1f0000]
CodeHeap 'profiled nmethods': size=120000Kb used=5691Kb max_used=5691Kb free=114308Kb
 bounds [0x000001425b1f0000, 0x000001425b780000, 0x0000014262720000]
CodeHeap 'non-nmethods': size=5760Kb used=1173Kb max_used=1232Kb free=4586Kb
 bounds [0x0000014262720000, 0x0000014262990000, 0x0000014262cc0000]
 total_blobs=3287 nmethods=2824 adapters=375
 compilation: enabled
              stopped_count=0, restarted_count=0
 full_count=0

Compilation events (20 events):
Event: 2.023 Thread 0x000001427650bb80 2736       3       org.apache.maven.model.validation.DefaultModelValidator::isValidIdCharacter (60 bytes)
Event: 2.023 Thread 0x000001427650bb80 nmethod 2736 0x000001425b750d10 code [0x000001425b750ec0, 0x000001425b7511f8]
Event: 2.023 Thread 0x000001427650bb80 2720       1       org.apache.maven.model.Profile::getActivation (5 bytes)
Event: 2.023 Thread 0x000001427650bb80 nmethod 2720 0x0000014262dcd710 code [0x0000014262dcd8a0, 0x0000014262dcd978]
Event: 2.026 Thread 0x000001427650bb80 2737       3       java.lang.invoke.MethodHandles$Lookup::resolveOrFail (44 bytes)
Event: 2.026 Thread 0x000001427650bb80 nmethod 2737 0x000001425b751290 code [0x000001425b751540, 0x000001425b752228]
Event: 2.026 Thread 0x000001427650bb80 2739   !   3       java.lang.invoke.MethodHandles$Lookup::canBeCached (150 bytes)
Event: 2.029 Thread 0x000001427650bb80 nmethod 2739 0x000001425b752690 code [0x000001425b752ae0, 0x000001425b754e68]
Event: 2.029 Thread 0x000001427650bb80 2740       3       org.eclipse.sisu.inject.RankedSequence::safeBinarySearch (77 bytes)
Event: 2.029 Thread 0x000001427650bb80 nmethod 2740 0x000001425b755a10 code [0x000001425b755bc0, 0x000001425b755f18]
Event: 2.029 Thread 0x000001427650bb80 2738       3       java.lang.invoke.MethodHandles$Lookup::getDirectMethodForConstant (72 bytes)
Event: 2.030 Thread 0x000001427650bb80 nmethod 2738 0x000001425b756090 code [0x000001425b7563e0, 0x000001425b7576c8]
Event: 2.030 Thread 0x000001427650bb80 2743       3       java.lang.reflect.AccessibleObject::setAccessible0 (7 bytes)
Event: 2.030 Thread 0x000001427650bb80 nmethod 2743 0x000001425b757d10 code [0x000001425b757ea0, 0x000001425b757fb8]
Event: 2.030 Thread 0x000001427650bb80 2742       1       jdk.internal.org.objectweb.asm.ClassReader::getMaxStringLength (5 bytes)
Event: 2.030 Thread 0x000001427650bb80 nmethod 2742 0x0000014262dcda10 code [0x0000014262dcdba0, 0x0000014262dcdc78]
Event: 2.030 Thread 0x000001427650bb80 2741       3       java.lang.invoke.MethodType::insertParameterTypes (121 bytes)
Event: 2.031 Thread 0x000001427650bb80 nmethod 2741 0x000001425b758090 code [0x000001425b758360, 0x000001425b759168]
Event: 2.031 Thread 0x000001427650bb80 2744       3       java.lang.invoke.MethodHandle::asType (28 bytes)
Event: 2.031 Thread 0x000001427650bb80 nmethod 2744 0x000001425b759690 code [0x000001425b759860, 0x000001425b759be8]

GC Heap History (4 events):
Event: 0.772 GC heap before
{Heap before GC invocations=0 (full 0):
 garbage-first heap   total 253952K, used 20480K [0x0000000709800000, 0x0000000800000000)
  region size 2048K, 10 young (20480K), 0 survivors (0K)
 Metaspace       used 5379K, committed 5632K, reserved 1114112K
  class space    used 643K, committed 768K, reserved 1048576K
}
Event: 0.776 GC heap after
{Heap after GC invocations=1 (full 0):
 garbage-first heap   total 253952K, used 3600K [0x0000000709800000, 0x0000000800000000)
  region size 2048K, 2 young (4096K), 2 survivors (4096K)
 Metaspace       used 5379K, committed 5632K, reserved 1114112K
  class space    used 643K, committed 768K, reserved 1048576K
}
Event: 1.158 GC heap before
{Heap before GC invocations=1 (full 0):
 garbage-first heap   total 253952K, used 30224K [0x0000000709800000, 0x0000000800000000)
  region size 2048K, 15 young (30720K), 2 survivors (4096K)
 Metaspace       used 8076K, committed 8256K, reserved 1114112K
  class space    used 960K, committed 1024K, reserved 1048576K
}
Event: 1.160 GC heap after
{Heap after GC invocations=2 (full 0):
 garbage-first heap   total 253952K, used 4669K [0x0000000709800000, 0x0000000800000000)
  region size 2048K, 1 young (2048K), 1 survivors (2048K)
 Metaspace       used 8076K, committed 8256K, reserved 1114112K
  class space    used 960K, committed 1024K, reserved 1048576K
}

Deoptimization events (20 events):
Event: 2.009 Thread 0x000001425384f4d0 DEOPT PACKING pc=0x000001425b2b025a sp=0x000000149a9fd260
Event: 2.009 Thread 0x000001425384f4d0 DEOPT UNPACKING pc=0x0000014262772b43 sp=0x000000149a9fc788 mode 0
Event: 2.010 Thread 0x000001425384f4d0 DEOPT PACKING pc=0x000001425b2b025a sp=0x000000149a9fd0a0
Event: 2.010 Thread 0x000001425384f4d0 DEOPT UNPACKING pc=0x0000014262772b43 sp=0x000000149a9fc5c8 mode 0
Event: 2.019 Thread 0x000001425384f4d0 Uncommon trap: trap_request=0xffffffde fr.pc=0x0000014262da0044 relative=0x0000000000000a44
Event: 2.019 Thread 0x000001425384f4d0 Uncommon trap: reason=class_check action=maybe_recompile pc=0x0000014262da0044 method=java.util.HashMap.putVal(ILjava/lang/Object;Ljava/lang/Object;ZZ)Ljava/lang/Object; @ 203 c2
Event: 2.019 Thread 0x000001425384f4d0 DEOPT PACKING pc=0x0000014262da0044 sp=0x000000149a9fd210
Event: 2.019 Thread 0x000001425384f4d0 DEOPT UNPACKING pc=0x00000142627723a3 sp=0x000000149a9fd1b0 mode 2
Event: 2.019 Thread 0x000001425384f4d0 Uncommon trap: trap_request=0xffffffde fr.pc=0x0000014262da0044 relative=0x0000000000000a44
Event: 2.019 Thread 0x000001425384f4d0 Uncommon trap: reason=class_check action=maybe_recompile pc=0x0000014262da0044 method=java.util.HashMap.putVal(ILjava/lang/Object;Ljava/lang/Object;ZZ)Ljava/lang/Object; @ 203 c2
Event: 2.019 Thread 0x000001425384f4d0 DEOPT PACKING pc=0x0000014262da0044 sp=0x000000149a9fd210
Event: 2.019 Thread 0x000001425384f4d0 DEOPT UNPACKING pc=0x00000142627723a3 sp=0x000000149a9fd1b0 mode 2
Event: 2.019 Thread 0x000001425384f4d0 Uncommon trap: trap_request=0xffffffde fr.pc=0x0000014262da0044 relative=0x0000000000000a44
Event: 2.019 Thread 0x000001425384f4d0 Uncommon trap: reason=class_check action=maybe_recompile pc=0x0000014262da0044 method=java.util.HashMap.putVal(ILjava/lang/Object;Ljava/lang/Object;ZZ)Ljava/lang/Object; @ 203 c2
Event: 2.019 Thread 0x000001425384f4d0 DEOPT PACKING pc=0x0000014262da0044 sp=0x000000149a9fd210
Event: 2.019 Thread 0x000001425384f4d0 DEOPT UNPACKING pc=0x00000142627723a3 sp=0x000000149a9fd1b0 mode 2
Event: 2.021 Thread 0x000001425384f4d0 Uncommon trap: trap_request=0xffffff45 fr.pc=0x0000014262db2ddc relative=0x00000000000001dc
Event: 2.021 Thread 0x000001425384f4d0 Uncommon trap: reason=unstable_if action=reinterpret pc=0x0000014262db2ddc method=java.lang.String.indexOf(Ljava/lang/String;)I @ 10 c2
Event: 2.021 Thread 0x000001425384f4d0 DEOPT PACKING pc=0x0000014262db2ddc sp=0x000000149a9fd540
Event: 2.021 Thread 0x000001425384f4d0 DEOPT UNPACKING pc=0x00000142627723a3 sp=0x000000149a9fd4e0 mode 2

Classes unloaded (0 events):
No events

Classes redefined (0 events):
No events

Internal exceptions (20 events):
Event: 0.385 Thread 0x000001425384f4d0 Exception <a 'java/lang/NoSuchMethodError'{0x0000000718becd98}: 'void java.lang.invoke.DirectMethodHandle$Holder.invokeStatic(java.lang.Object, java.lang.Object, java.lang.Object)'> (0x0000000718becd98) 
thrown [s\open\src\hotspot\share\interpreter\linkResolver.cpp, line 759]
Event: 0.449 Thread 0x000001425384f4d0 Exception <a 'java/lang/NoSuchMethodError'{0x000000071897e238}: 'java.lang.Object java.lang.invoke.DirectMethodHandle$Holder.invokeSpecialIFC(java.lang.Object, java.lang.Object, java.lang.Object, java.lang.Object)'> (0x000000071897e238) 
thrown [s\open\src\hotspot\share\interpreter\linkResolver.cpp, line 759]
Event: 0.609 Thread 0x000001425384f4d0 Exception <a 'java/lang/NoSuchMethodError'{0x0000000718355c00}: 'void java.lang.invoke.DirectMethodHandle$Holder.invokeSpecial(java.lang.Object, java.lang.Object, java.lang.Object)'> (0x0000000718355c00) 
thrown [s\open\src\hotspot\share\interpreter\linkResolver.cpp, line 759]
Event: 0.645 Thread 0x000001425384f4d0 Exception <a 'java/lang/NoSuchMethodError'{0x00000007180b3f68}: 'java.lang.Object java.lang.invoke.DirectMethodHandle$Holder.invokeInterface(java.lang.Object, java.lang.Object)'> (0x00000007180b3f68) 
thrown [s\open\src\hotspot\share\interpreter\linkResolver.cpp, line 759]
Event: 0.666 Thread 0x000001425384f4d0 Exception <a 'java/lang/NoSuchMethodError'{0x000000071815df58}: 'java.lang.Object java.lang.invoke.Invokers$Holder.invokeExact_MT(java.lang.Object, java.lang.Object, java.lang.Object, java.lang.Object, java.lang.Object, java.lang.Object)'> (0x000000071815df58) 
thrown [s\open\src\hotspot\share\interpreter\linkResolver.cpp, line 759]
Event: 0.668 Thread 0x000001425384f4d0 Exception <a 'java/lang/NoSuchMethodError'{0x000000071816f3b8}: 'int java.lang.invoke.DirectMethodHandle$Holder.invokeSpecialIFC(java.lang.Object, java.lang.Object, java.lang.Object, java.lang.Object, java.lang.Object)'> (0x000000071816f3b8) 
thrown [s\open\src\hotspot\share\interpreter\linkResolver.cpp, line 759]
Event: 0.711 Thread 0x000001425384f4d0 Exception <a 'java/lang/NoSuchMethodError'{0x0000000717f13b28}: 'java.lang.Object java.lang.invoke.DirectMethodHandle$Holder.newInvokeSpecial(java.lang.Object, java.lang.Object, java.lang.Object, java.lang.Object, java.lang.Object)'> (0x0000000717f13b28) 
thrown [s\open\src\hotspot\share\interpreter\linkResolver.cpp, line 759]
Event: 0.736 Thread 0x000001425384f4d0 Exception <a 'java/lang/NoSuchMethodError'{0x0000000717c1ac20}: 'int java.lang.invoke.DirectMethodHandle$Holder.invokeStaticInit(java.lang.Object, java.lang.Object)'> (0x0000000717c1ac20) 
thrown [s\open\src\hotspot\share\interpreter\linkResolver.cpp, line 759]
Event: 0.743 Thread 0x000001425384f4d0 Exception <a 'java/lang/NoClassDefFoundError'{0x0000000717c53188}: javax/enterprise/inject/Typed> (0x0000000717c53188) 
thrown [s\open\src\hotspot\share\classfile\systemDictionary.cpp, line 245]
Event: 1.476 Thread 0x000001425384f4d0 Exception <a 'java/lang/NoSuchMethodError'{0x00000007185dcc18}: 'void java.lang.invoke.DirectMethodHandle$Holder.invokeStaticInit(java.lang.Object, java.lang.Object, java.lang.Object)'> (0x00000007185dcc18) 
thrown [s\open\src\hotspot\share\interpreter\linkResolver.cpp, line 759]
Event: 1.483 Thread 0x000001425384f4d0 Exception <a 'java/lang/ExceptionInInitializerError'{0x00000007182086f0}> (0x00000007182086f0) 
thrown [s\open\src\hotspot\share\oops\instanceKlass.cpp, line 1216]
Event: 1.507 Thread 0x000001425384f4d0 Implicit null exception at 0x0000014262d4362f to 0x0000014262d43794
Event: 1.510 Thread 0x000001425384f4d0 Exception <a 'java/lang/NoSuchMethodError'{0x0000000718318a50}: 'java.lang.Object java.lang.invoke.Invokers$Holder.invokeExact_MT(java.lang.Object, int, java.lang.Object)'> (0x0000000718318a50) 
thrown [s\open\src\hotspot\share\interpreter\linkResolver.cpp, line 759]
Event: 1.523 Thread 0x000001425384f4d0 Exception <a 'java/lang/NoSuchMethodError'{0x000000071839fd30}: 'int java.lang.invoke.DirectMethodHandle$Holder.invokeSpecial(java.lang.Object, java.lang.Object, java.lang.Object, java.lang.Object)'> (0x000000071839fd30) 
thrown [s\open\src\hotspot\share\interpreter\linkResolver.cpp, line 759]
Event: 1.734 Thread 0x000001425384f4d0 Exception <a 'java/lang/NoClassDefFoundError'{0x00000007178d9780}: com/google/inject/servlet/ServletModuleTargetVisitor> (0x00000007178d9780) 
thrown [s\open\src\hotspot\share\classfile\systemDictionary.cpp, line 245]
Event: 1.778 Thread 0x000001425384f4d0 Exception <a 'java/lang/NoSuchMethodError'{0x0000000717750ab0}: 'void java.lang.invoke.DirectMethodHandle$Holder.invokeVirtual(java.lang.Object, java.lang.Object)'> (0x0000000717750ab0) 
thrown [s\open\src\hotspot\share\interpreter\linkResolver.cpp, line 759]
Event: 1.795 Thread 0x000001425384f4d0 Exception <a 'java/lang/NoSuchMethodError'{0x00000007177d8718}: 'java.lang.Object java.lang.invoke.DirectMethodHandle$Holder.invokeStaticInit(java.lang.Object, int, int, int, int)'> (0x00000007177d8718) 
thrown [s\open\src\hotspot\share\interpreter\linkResolver.cpp, line 759]
Event: 1.888 Thread 0x000001425384f4d0 Exception <a 'java/lang/NoSuchMethodError'{0x0000000716e71ce0}: 'void java.lang.invoke.DirectMethodHandle$Holder.invokeSpecial(java.lang.Object, java.lang.Object, java.lang.Object, java.lang.Object, java.lang.Object)'> (0x0000000716e71ce0) 
thrown [s\open\src\hotspot\share\interpreter\linkResolver.cpp, line 759]
Event: 1.890 Thread 0x000001425384f4d0 Exception <a 'java/lang/NoSuchMethodError'{0x0000000716e8f4e8}: 'java.lang.Object java.lang.invoke.DirectMethodHandle$Holder.invokeVirtual(java.lang.Object, java.lang.Object, java.lang.Object)'> (0x0000000716e8f4e8) 
thrown [s\open\src\hotspot\share\interpreter\linkResolver.cpp, line 759]
Event: 1.891 Thread 0x000001425384f4d0 Exception <a 'java/lang/NoSuchMethodError'{0x0000000716e9e758}: 'void java.lang.invoke.DirectMethodHandle$Holder.invokeSpecial(java.lang.Object, java.lang.Object, java.lang.Object, java.lang.Object, java.lang.Object, java.lang.Object)'> (0x0000000716e9e758) 
thrown [s\open\src\hotspot\share\interpreter\linkResolver.cpp, line 759]

VM Operations (20 events):
Event: 1.548 Executing VM operation: HandshakeAllThreads
Event: 1.548 Executing VM operation: HandshakeAllThreads done
Event: 1.550 Executing VM operation: HandshakeAllThreads
Event: 1.550 Executing VM operation: HandshakeAllThreads done
Event: 1.553 Executing VM operation: ICBufferFull
Event: 1.553 Executing VM operation: ICBufferFull done
Event: 1.614 Executing VM operation: HandshakeAllThreads
Event: 1.614 Executing VM operation: HandshakeAllThreads done
Event: 1.718 Executing VM operation: HandshakeAllThreads
Event: 1.718 Executing VM operation: HandshakeAllThreads done
Event: 1.786 Executing VM operation: HandshakeAllThreads
Event: 1.786 Executing VM operation: HandshakeAllThreads done
Event: 1.806 Executing VM operation: HandshakeAllThreads
Event: 1.806 Executing VM operation: HandshakeAllThreads done
Event: 1.819 Executing VM operation: ICBufferFull
Event: 1.819 Executing VM operation: ICBufferFull done
Event: 1.861 Executing VM operation: HandshakeAllThreads
Event: 1.861 Executing VM operation: HandshakeAllThreads done
Event: 1.862 Executing VM operation: HandshakeAllThreads
Event: 1.862 Executing VM operation: HandshakeAllThreads done

Events (20 events):
Event: 1.986 loading class sun/nio/ch/Interruptible done
Event: 1.986 loading class java/nio/channels/spi/AbstractInterruptibleChannel$1 done
Event: 1.986 loading class java/util/AbstractMap$2
Event: 1.986 loading class java/util/AbstractMap$2 done
Event: 1.986 loading class java/util/AbstractMap$2$1
Event: 1.986 loading class java/util/AbstractMap$2$1 done
Event: 1.995 loading class java/util/Formatter$FixedString
Event: 1.995 loading class java/util/Formatter$FixedString done
Event: 2.022 loading class java/util/stream/Streams$RangeIntSpliterator
Event: 2.022 loading class java/util/stream/Streams$RangeIntSpliterator done
Event: 2.030 loading class java/util/stream/MatchOps$MatchKind
Event: 2.030 loading class java/util/stream/MatchOps$MatchKind done
Event: 2.030 loading class java/util/stream/MatchOps
Event: 2.030 loading class java/util/stream/MatchOps done
Event: 2.030 loading class java/util/stream/MatchOps$MatchOp
Event: 2.030 loading class java/util/stream/MatchOps$MatchOp done
Event: 2.030 loading class java/util/stream/MatchOps$BooleanTerminalSink
Event: 2.031 loading class java/util/stream/MatchOps$BooleanTerminalSink done
Event: 2.031 loading class java/util/stream/MatchOps$1MatchSink
Event: 2.031 loading class java/util/stream/MatchOps$1MatchSink done


Dynamic libraries:
0x00007ff67c280000 - 0x00007ff67c290000 	C:\Program Files\Java\jdk-17\bin\java.exe
0x00007fff74ae0000 - 0x00007fff74d40000 	C:\WINDOWS\SYSTEM32\ntdll.dll
0x00007fff745f0000 - 0x00007fff746b7000 	C:\WINDOWS\System32\KERNEL32.DLL
0x00007fff71c90000 - 0x00007fff7205a000 	C:\WINDOWS\System32\KERNELBASE.dll
0x00007fff722d0000 - 0x00007fff7241b000 	C:\WINDOWS\System32\ucrtbase.dll
0x00007fff5c030000 - 0x00007fff5c04b000 	C:\Program Files\Java\jdk-17\bin\VCRUNTIME140.dll
0x00007fff64580000 - 0x00007fff64599000 	C:\Program Files\Java\jdk-17\bin\jli.dll
0x00007fff74530000 - 0x00007fff745e2000 	C:\WINDOWS\System32\ADVAPI32.dll
0x00007fff728b0000 - 0x00007fff72959000 	C:\WINDOWS\System32\msvcrt.dll
0x00007fff73a10000 - 0x00007fff73ab6000 	C:\WINDOWS\System32\sechost.dll
0x00007fff746c0000 - 0x00007fff747d6000 	C:\WINDOWS\System32\RPCRT4.dll
0x00007fff72df0000 - 0x00007fff72fbc000 	C:\WINDOWS\System32\USER32.dll
0x00007fff72420000 - 0x00007fff72447000 	C:\WINDOWS\System32\win32u.dll
0x00007fff743f0000 - 0x00007fff7441a000 	C:\WINDOWS\System32\GDI32.dll
0x00007fff72190000 - 0x00007fff722c1000 	C:\WINDOWS\System32\gdi32full.dll
0x00007fff72510000 - 0x00007fff725b3000 	C:\WINDOWS\System32\msvcp_win.dll
0x00007fff5a8c0000 - 0x00007fff5ab57000 	C:\WINDOWS\WinSxS\amd64_microsoft.windows.common-controls_6595b64144ccf1df_6.0.26100.3624_none_3e086962e3345f24\COMCTL32.dll
0x00007fff69fe0000 - 0x00007fff69feb000 	C:\WINDOWS\SYSTEM32\VERSION.dll
0x00007fff72970000 - 0x00007fff7299f000 	C:\WINDOWS\System32\IMM32.DLL
0x00007fff5c070000 - 0x00007fff5c07c000 	C:\Program Files\Java\jdk-17\bin\vcruntime140_1.dll
0x00007fff29760000 - 0x00007fff297ee000 	C:\Program Files\Java\jdk-17\bin\msvcp140.dll
0x00007ffec33b0000 - 0x00007ffec3f90000 	C:\Program Files\Java\jdk-17\bin\server\jvm.dll
0x00007fff73cb0000 - 0x00007fff73cb8000 	C:\WINDOWS\System32\PSAPI.DLL
0x00007fff59790000 - 0x00007fff5979a000 	C:\WINDOWS\SYSTEM32\WSOCK32.dll
0x00007fff59bb0000 - 0x00007fff59be6000 	C:\WINDOWS\SYSTEM32\WINMM.dll
0x00007fff72d70000 - 0x00007fff72de4000 	C:\WINDOWS\System32\WS2_32.dll
0x00007fff70aa0000 - 0x00007fff70aba000 	C:\WINDOWS\SYSTEM32\kernel.appcore.dll
0x00007fff48570000 - 0x00007fff4857a000 	C:\Program Files\Java\jdk-17\bin\jimage.dll
0x00007fff5a5b0000 - 0x00007fff5a7f1000 	C:\WINDOWS\SYSTEM32\DBGHELP.DLL
0x00007fff729e0000 - 0x00007fff72d62000 	C:\WINDOWS\System32\combase.dll
0x00007fff735e0000 - 0x00007fff736b6000 	C:\WINDOWS\System32\OLEAUT32.dll
0x00007fff58c60000 - 0x00007fff58c99000 	C:\WINDOWS\SYSTEM32\dbgcore.DLL
0x00007fff720f0000 - 0x00007fff72189000 	C:\WINDOWS\System32\bcryptPrimitives.dll
0x00007fff3e270000 - 0x00007fff3e295000 	C:\Program Files\Java\jdk-17\bin\java.dll
0x00007fff26b50000 - 0x00007fff26c27000 	C:\Program Files\Java\jdk-17\bin\jsvml.dll
0x00007fff73cc0000 - 0x00007fff743e9000 	C:\WINDOWS\System32\SHELL32.dll
0x00007fff725c0000 - 0x00007fff72728000 	C:\WINDOWS\System32\wintypes.dll
0x00007fff6f970000 - 0x00007fff701c2000 	C:\WINDOWS\SYSTEM32\windows.storage.dll
0x00007fff73bc0000 - 0x00007fff73cad000 	C:\WINDOWS\System32\SHCORE.dll
0x00007fff73570000 - 0x00007fff735d4000 	C:\WINDOWS\System32\shlwapi.dll
0x00007fff71ba0000 - 0x00007fff71bcf000 	C:\WINDOWS\SYSTEM32\profapi.dll
0x00007fff3e910000 - 0x00007fff3e929000 	C:\Program Files\Java\jdk-17\bin\net.dll
0x00007fff64ec0000 - 0x00007fff64fdd000 	C:\WINDOWS\SYSTEM32\WINHTTP.dll
0x00007fff70fc0000 - 0x00007fff7102a000 	C:\WINDOWS\system32\mswsock.dll
0x00007fff3db00000 - 0x00007fff3db16000 	C:\Program Files\Java\jdk-17\bin\nio.dll
0x00007fff3d7f0000 - 0x00007fff3d808000 	C:\Program Files\Java\jdk-17\bin\zip.dll
0x00007fff643d0000 - 0x00007fff643f4000 	C:\Program Files\NetBeans-23\netbeans\java\maven\lib\jansi-native\Windows\x86_64\jansi.dll
0x00007fff480d0000 - 0x00007fff480e0000 	C:\Program Files\Java\jdk-17\bin\verify.dll

dbghelp: loaded successfully - version: 4.0.5 - missing functions: none
symbol engine: initialized successfully - sym options: 0x614 - pdb path: .;C:\Program Files\Java\jdk-17\bin;C:\WINDOWS\SYSTEM32;C:\WINDOWS\WinSxS\amd64_microsoft.windows.common-controls_6595b64144ccf1df_6.0.26100.3624_none_3e086962e3345f24;C:\Program Files\Java\jdk-17\bin\server;C:\Program Files\NetBeans-23\netbeans\java\maven\lib\jansi-native\Windows\x86_64

VM Arguments:
jvm_args: -Dclassworlds.conf=C:\Program Files\NetBeans-23\netbeans\java\maven\bin\m2.conf -Dmaven.home=C:\Program Files\NetBeans-23\netbeans\java\maven -Dlibrary.jansi.path=C:\Program Files\NetBeans-23\netbeans\java\maven\lib\jansi-native -Dmaven.multiModuleProjectDirectory=C:\Users\Sistemas\Downloads\MySQL_Java-main\MySQL_Java-main 
java_command: org.codehaus.plexus.classworlds.launcher.Launcher -Dmaven.ext.class.path=C:\Program Files\NetBeans-23\netbeans\java\maven-nblib\netbeans-eventspy.jar --no-transfer-progress install
java_class_path (initial): C:\Program Files\NetBeans-23\netbeans\java\maven\boot\plexus-classworlds-2.8.0.jar
Launcher Type: SUN_STANDARD

[Global flags]
     intx CICompilerCount                          = 3                                         {product} {ergonomic}
     uint ConcGCThreads                            = 2                                         {product} {ergonomic}
     uint G1ConcRefinementThreads                  = 6                                         {product} {ergonomic}
   size_t G1HeapRegionSize                         = 2097152                                   {product} {ergonomic}
    uintx GCDrainStackTargetSize                   = 64                                        {product} {ergonomic}
   size_t InitialHeapSize                          = 260046848                                 {product} {ergonomic}
   size_t MarkStackSize                            = 4194304                                   {product} {ergonomic}
   size_t MaxHeapSize                              = 4135583744                                {product} {ergonomic}
   size_t MaxNewSize                               = 2480930816                                {product} {ergonomic}
   size_t MinHeapDeltaBytes                        = 2097152                                   {product} {ergonomic}
   size_t MinHeapSize                              = 8388608                                   {product} {ergonomic}
    uintx NonNMethodCodeHeapSize                   = 5832780                                {pd product} {ergonomic}
    uintx NonProfiledCodeHeapSize                  = 122912730                              {pd product} {ergonomic}
    uintx ProfiledCodeHeapSize                     = 122912730                              {pd product} {ergonomic}
    uintx ReservedCodeCacheSize                    = 251658240                              {pd product} {ergonomic}
     bool SegmentedCodeCache                       = true                                      {product} {ergonomic}
   size_t SoftMaxHeapSize                          = 4135583744                             {manageable} {ergonomic}
     bool UseCompressedClassPointers               = true                           {product lp64_product} {ergonomic}
     bool UseCompressedOops                        = true                           {product lp64_product} {ergonomic}
     bool UseG1GC                                  = true                                      {product} {ergonomic}
     bool UseLargePagesIndividualAllocation        = false                                  {pd product} {ergonomic}

Logging:
Log output configuration:
 #0: stdout all=warning uptime,level,tags
 #1: stderr all=off uptime,level,tags

Environment Variables:
JAVA_HOME=C:\Program Files\Java\jdk-17
PATH=C:\Program Files (x86)\VMware\VMware Player\bin\;C:\Program Files\Common Files\Oracle\Java\javapath;C:\WINDOWS\system32;C:\WINDOWS;C:\WINDOWS\System32\Wbem;C:\WINDOWS\System32\WindowsPowerShell\v1.0\;C:\WINDOWS\System32\OpenSSH\;C:\PROGRA~2\Vision;C:\PROGRA~2\Vision\SYSTEM;C:\PROGRA~2\COMMON~1\Vision;C:\Program Files (x86)\HP\Common\HPDestPlgIn\;C:\Users\Sistemas\AppData\Local\Programs\Python\Python313\Scripts;C:\Program Files\nodejs\;C:\Program Files\Git\cmd;c:\Users\Sistemas\AppData\Local\Programs\cursor\resources\app\bin;C:\Program Files\MySQL\MySQL Shell 8.0\bin\;C:\Users\Sistemas\AppData\Local\Programs\Python\Launcher\;C:\Users\Sistemas\AppData\Local\Microsoft\WindowsApps;C:\Users\Sistemas\AppData\Local\Programs\Microsoft VS Code\bin;C:\Program Files (x86)\HP\Common\HPDestPlgIn\;C:\Users\Sistemas\AppData\Local\Programs\Azure Data Studio\bin;C:\Users\Sistemas\AppData\Local\Programs\mongosh\;C:\Program Files (x86)\MongoDB Atlas CLI\;C:\Users\Sistemas\AppData\Local\Programs\Python\Python313\Scripts;C:\Users\Sistemas\AppData\Roaming\npm;C:\Snort\bin;C:\Users\Sistemas\AppData\Local\Programs\cursor\resources\app\bin
USERNAME=Sistemas
OS=Windows_NT
PROCESSOR_IDENTIFIER=Intel64 Family 6 Model 158 Stepping 10, GenuineIntel



---------------  S Y S T E M  ---------------

OS:
 Windows 11 , 64 bit Build 26100 (10.0.26100.3775)
OS uptime: 1 days 17:51 hours

CPU: total 6 (initial active 6) (6 cores per cpu, 1 threads per core) family 6 model 158 stepping 10 microcode 0xf8, cx8, cmov, fxsr, mmx, 3dnowpref, sse, sse2, sse3, ssse3, sse4.1, sse4.2, popcnt, lzcnt, tsc, tscinvbit, avx, avx2, aes, erms, clmul, bmi1, bmi2, rtm, adx, fma, vzeroupper, clflush, clflushopt

Memory: 4k page, system-wide physical 15774M (5504M free)
TotalPageFile size 15774M (AvailPageFile size 3M)
current process WorkingSet (physical memory assigned to process): 124M, peak: 124M
current process commit charge ("private bytes"): 370M, peak: 371M

vm_info: Java HotSpot(TM) 64-Bit Server VM (17.0.12+8-LTS-286) for windows-amd64 JRE (17.0.12+8-LTS-286), built on Jun  5 2024 06:46:59 by "mach5one" with MS VC++ 17.6 (VS2022)

END.
