#
# There is insufficient memory for the Java Runtime Environment to continue.
# Native memory allocation (malloc) failed to allocate 1439216 bytes for Chunk::new
# Possible reasons:
#   The system is out of physical RAM or swap space
#   The process is running with CompressedOops enabled, and the Java Heap may be blocking the growth of the native heap
# Possible solutions:
#   Reduce memory load on the system
#   Increase physical memory or swap space
#   Check if swap backing store is full
#   Decrease Java heap size (-Xmx/-Xms)
#   Decrease number of Java threads
#   Decrease Java thread stack sizes (-Xss)
#   Set larger code cache with -XX:ReservedCodeCacheSize=
#   JVM is running with Zero Based Compressed Oops mode in which the Java heap is
#     placed in the first 32GB address space. The Java Heap base address is the
#     maximum limit for the native heap growth. Please use -XX:HeapBaseMinAddress
#     to set the Java Heap base and to place the Java Heap above 32GB virtual address.
# This output file may be truncated or incomplete.
#
#  Out of Memory Error (arena.cpp:189), pid=18564, tid=19188
#
# JRE version: Java(TM) SE Runtime Environment (17.0.12+8) (build 17.0.12+8-LTS-286)
# Java VM: Java HotSpot(TM) 64-Bit Server VM (17.0.12+8-LTS-286, mixed mode, sharing, tiered, compressed oops, compressed class ptrs, g1 gc, windows-amd64)
# No core dump will be written. Minidumps are not enabled by default on client versions of Windows
#

---------------  S U M M A R Y ------------

Command Line: -Dclassworlds.conf=C:\Program Files\NetBeans-23\netbeans\java\maven\bin\m2.conf -Dmaven.home=C:\Program Files\NetBeans-23\netbeans\java\maven -Dlibrary.jansi.path=C:\Program Files\NetBeans-23\netbeans\java\maven\lib\jansi-native -Dmaven.multiModuleProjectDirectory=C:\Users\Sistemas\Downloads\MySQL_Java-main\MySQL_Java-main org.codehaus.plexus.classworlds.launcher.Launcher -Dmaven.ext.class.path=C:\Program Files\NetBeans-23\netbeans\java\maven-nblib\netbeans-eventspy.jar --no-transfer-progress clean install

Host: Intel(R) Core(TM) i5-8500 CPU @ 3.00GHz, 6 cores, 15G,  Windows 11 , 64 bit Build 26100 (10.0.26100.3775)
Time: Tue Apr 29 09:30:42 2025 Hora est. Pacífico, Sudamérica elapsed time: 1.493177 seconds (0d 0h 0m 1s)

---------------  T H R E A D  ---------------

Current thread (0x0000015f7423e5e0):  JavaThread "C2 CompilerThread0" daemon [_thread_in_native, id=19188, stack(0x00000056e7e00000,0x00000056e7f00000)]


Current CompileTask:
C2:   1493 1774   !   4       java.net.URL::<init> (543 bytes)

Stack: [0x00000056e7e00000,0x00000056e7f00000]
Native frames: (J=compiled Java code, j=interpreted, Vv=VM code, C=native code)
V  [jvm.dll+0x67a04a]
V  [jvm.dll+0x7da4ed]
V  [jvm.dll+0x7dbe33]
V  [jvm.dll+0x7dc4a3]
V  [jvm.dll+0x24508f]
V  [jvm.dll+0xab773]
V  [jvm.dll+0xabd3c]
V  [jvm.dll+0x361b9f]
V  [jvm.dll+0x32c431]
V  [jvm.dll+0x32b8ca]
V  [jvm.dll+0x21683f]
V  [jvm.dll+0x215c6f]
V  [jvm.dll+0x1a2960]
V  [jvm.dll+0x22610b]
V  [jvm.dll+0x2242ab]
V  [jvm.dll+0x79075c]
V  [jvm.dll+0x78abea]
V  [jvm.dll+0x678f35]
C  [ucrtbase.dll+0x37b0]
C  [KERNEL32.DLL+0x2e8d7]
C  [ntdll.dll+0xb14fc]


---------------  P R O C E S S  ---------------

Threads class SMR info:
_java_thread_list=0x0000015f74d0d1e0, length=13, elements={
0x0000015f51579280, 0x0000015f7421e880, 0x0000015f7421f150, 0x0000015f74238a70,
0x0000015f74239340, 0x0000015f74239c10, 0x0000015f7423d9e0, 0x0000015f7423e5e0,
0x0000015f74378090, 0x0000015f74395170, 0x0000015f744c38a0, 0x0000015f744c47d0,
0x0000015f74d2b800
}

Java Threads: ( => current thread )
  0x0000015f51579280 JavaThread "main" [_thread_in_vm, id=4436, stack(0x00000056e7100000,0x00000056e7200000)]
  0x0000015f7421e880 JavaThread "Reference Handler" daemon [_thread_blocked, id=14036, stack(0x00000056e7800000,0x00000056e7900000)]
  0x0000015f7421f150 JavaThread "Finalizer" daemon [_thread_blocked, id=23292, stack(0x00000056e7900000,0x00000056e7a00000)]
  0x0000015f74238a70 JavaThread "Signal Dispatcher" daemon [_thread_blocked, id=10220, stack(0x00000056e7a00000,0x00000056e7b00000)]
  0x0000015f74239340 JavaThread "Attach Listener" daemon [_thread_blocked, id=22184, stack(0x00000056e7b00000,0x00000056e7c00000)]
  0x0000015f74239c10 JavaThread "Service Thread" daemon [_thread_blocked, id=14920, stack(0x00000056e7c00000,0x00000056e7d00000)]
  0x0000015f7423d9e0 JavaThread "Monitor Deflation Thread" daemon [_thread_blocked, id=14700, stack(0x00000056e7d00000,0x00000056e7e00000)]
=>0x0000015f7423e5e0 JavaThread "C2 CompilerThread0" daemon [_thread_in_native, id=19188, stack(0x00000056e7e00000,0x00000056e7f00000)]
  0x0000015f74378090 JavaThread "C1 CompilerThread0" daemon [_thread_in_native, id=13912, stack(0x00000056e7f00000,0x00000056e8000000)]
  0x0000015f74395170 JavaThread "Sweeper thread" daemon [_thread_blocked, id=14856, stack(0x00000056e8000000,0x00000056e8100000)]
  0x0000015f744c38a0 JavaThread "Notification Thread" daemon [_thread_blocked, id=16288, stack(0x00000056e8100000,0x00000056e8200000)]
  0x0000015f744c47d0 JavaThread "Common-Cleaner" daemon [_thread_blocked, id=18640, stack(0x00000056e8300000,0x00000056e8400000)]
  0x0000015f74d2b800 JavaThread "C2 CompilerThread1" daemon [_thread_in_native, id=20724, stack(0x00000056e8400000,0x00000056e8500000)]

Other Threads:
  0x0000015f7421afd0 VMThread "VM Thread" [stack: 0x00000056e7700000,0x00000056e7800000] [id=15880]
  0x0000015f744c57f0 WatcherThread [stack: 0x00000056e8200000,0x00000056e8300000] [id=6308]
  0x0000015f515e5330 GCTaskThread "GC Thread#0" [stack: 0x00000056e7200000,0x00000056e7300000] [id=15752]
  0x0000015f74522310 GCTaskThread "GC Thread#1" [stack: 0x00000056e8500000,0x00000056e8600000] [id=24228]
  0x0000015f74cca430 GCTaskThread "GC Thread#2" [stack: 0x00000056e8600000,0x00000056e8700000] [id=24420]
  0x0000015f79083000 GCTaskThread "GC Thread#3" [stack: 0x00000056e8700000,0x00000056e8800000] [id=18652]
  0x0000015f790832c0 GCTaskThread "GC Thread#4" [stack: 0x00000056e8800000,0x00000056e8900000] [id=23976]
  0x0000015f74d9c780 GCTaskThread "GC Thread#5" [stack: 0x00000056e8900000,0x00000056e8a00000] [id=17204]
  0x0000015f515f83f0 ConcurrentGCThread "G1 Main Marker" [stack: 0x00000056e7300000,0x00000056e7400000] [id=3704]
  0x0000015f515f93b0 ConcurrentGCThread "G1 Conc#0" [stack: 0x00000056e7400000,0x00000056e7500000] [id=11936]
  0x0000015f5163e080 ConcurrentGCThread "G1 Refine#0" [stack: 0x00000056e7500000,0x00000056e7600000] [id=21228]
  0x0000015f5163e760 ConcurrentGCThread "G1 Service" [stack: 0x00000056e7600000,0x00000056e7700000] [id=15656]

Threads with active compile tasks:
C2 CompilerThread0     1532 1774   !   4       java.net.URL::<init> (543 bytes)
C2 CompilerThread1     1532 1975       4       java.util.ArrayList::add (25 bytes)

VM state: not at safepoint (normal execution)

VM Mutex/Monitor currently owned by a thread: None

Heap address: 0x0000000709800000, size: 3944 MB, Compressed Oops mode: Zero based, Oop shift amount: 3

CDS archive(s) mapped at: [0x0000015f00000000-0x0000015f00bd0000-0x0000015f00bd0000), size 12386304, SharedBaseAddress: 0x0000015f00000000, ArchiveRelocationMode: 1.
Compressed class space mapped at: 0x0000015f01000000-0x0000015f41000000, reserved size: 1073741824
Narrow klass base: 0x0000015f00000000, Narrow klass shift: 0, Narrow klass range: 0x100000000

GC Precious Log:
 CPUs: 6 total, 6 available
 Memory: 15774M
 Large Page Support: Disabled
 NUMA Support: Disabled
 Compressed Oops: Enabled (Zero based)
 Heap Region Size: 2M
 Heap Min Capacity: 8M
 Heap Initial Capacity: 248M
 Heap Max Capacity: 3944M
 Pre-touch: Disabled
 Parallel Workers: 6
 Concurrent Workers: 2
 Concurrent Refinement Workers: 6
 Periodic GC: Disabled

Heap:
 garbage-first heap   total 253952K, used 21110K [0x0000000709800000, 0x0000000800000000)
  region size 2048K, 10 young (20480K), 1 survivors (2048K)
 Metaspace       used 11174K, committed 11264K, reserved 1114112K
  class space    used 1364K, committed 1408K, reserved 1048576K

Heap Regions: E=young(eden), S=young(survivor), O=old, HS=humongous(starts), HC=humongous(continues), CS=collection set, F=free, OA=open archive, CA=closed archive, TAMS=top-at-mark-start (previous, next)
|   0|0x0000000709800000, 0x0000000709a00000, 0x0000000709a00000|100%| O|  |TAMS 0x0000000709800000, 0x0000000709800000| Untracked 
|   1|0x0000000709a00000, 0x0000000709b5a000, 0x0000000709c00000| 67%| O|  |TAMS 0x0000000709a00000, 0x0000000709a00000| Untracked 
|   2|0x0000000709c00000, 0x0000000709c00000, 0x0000000709e00000|  0%| F|  |TAMS 0x0000000709c00000, 0x0000000709c00000| Untracked 
|   3|0x0000000709e00000, 0x0000000709e00000, 0x000000070a000000|  0%| F|  |TAMS 0x0000000709e00000, 0x0000000709e00000| Untracked 
|   4|0x000000070a000000, 0x000000070a000000, 0x000000070a200000|  0%| F|  |TAMS 0x000000070a000000, 0x000000070a000000| Untracked 
|   5|0x000000070a200000, 0x000000070a200000, 0x000000070a400000|  0%| F|  |TAMS 0x000000070a200000, 0x000000070a200000| Untracked 
|   6|0x000000070a400000, 0x000000070a400000, 0x000000070a600000|  0%| F|  |TAMS 0x000000070a400000, 0x000000070a400000| Untracked 
|   7|0x000000070a600000, 0x000000070a600000, 0x000000070a800000|  0%| F|  |TAMS 0x000000070a600000, 0x000000070a600000| Untracked 
|   8|0x000000070a800000, 0x000000070a800000, 0x000000070aa00000|  0%| F|  |TAMS 0x000000070a800000, 0x000000070a800000| Untracked 
|   9|0x000000070aa00000, 0x000000070aa00000, 0x000000070ac00000|  0%| F|  |TAMS 0x000000070aa00000, 0x000000070aa00000| Untracked 
|  10|0x000000070ac00000, 0x000000070ac00000, 0x000000070ae00000|  0%| F|  |TAMS 0x000000070ac00000, 0x000000070ac00000| Untracked 
|  11|0x000000070ae00000, 0x000000070ae00000, 0x000000070b000000|  0%| F|  |TAMS 0x000000070ae00000, 0x000000070ae00000| Untracked 
|  12|0x000000070b000000, 0x000000070b000000, 0x000000070b200000|  0%| F|  |TAMS 0x000000070b000000, 0x000000070b000000| Untracked 
|  13|0x000000070b200000, 0x000000070b200000, 0x000000070b400000|  0%| F|  |TAMS 0x000000070b200000, 0x000000070b200000| Untracked 
|  14|0x000000070b400000, 0x000000070b400000, 0x000000070b600000|  0%| F|  |TAMS 0x000000070b400000, 0x000000070b400000| Untracked 
|  15|0x000000070b600000, 0x000000070b600000, 0x000000070b800000|  0%| F|  |TAMS 0x000000070b600000, 0x000000070b600000| Untracked 
|  16|0x000000070b800000, 0x000000070b800000, 0x000000070ba00000|  0%| F|  |TAMS 0x000000070b800000, 0x000000070b800000| Untracked 
|  17|0x000000070ba00000, 0x000000070ba00000, 0x000000070bc00000|  0%| F|  |TAMS 0x000000070ba00000, 0x000000070ba00000| Untracked 
|  18|0x000000070bc00000, 0x000000070bc00000, 0x000000070be00000|  0%| F|  |TAMS 0x000000070bc00000, 0x000000070bc00000| Untracked 
|  19|0x000000070be00000, 0x000000070be00000, 0x000000070c000000|  0%| F|  |TAMS 0x000000070be00000, 0x000000070be00000| Untracked 
|  20|0x000000070c000000, 0x000000070c000000, 0x000000070c200000|  0%| F|  |TAMS 0x000000070c000000, 0x000000070c000000| Untracked 
|  21|0x000000070c200000, 0x000000070c200000, 0x000000070c400000|  0%| F|  |TAMS 0x000000070c200000, 0x000000070c200000| Untracked 
|  22|0x000000070c400000, 0x000000070c400000, 0x000000070c600000|  0%| F|  |TAMS 0x000000070c400000, 0x000000070c400000| Untracked 
|  23|0x000000070c600000, 0x000000070c600000, 0x000000070c800000|  0%| F|  |TAMS 0x000000070c600000, 0x000000070c600000| Untracked 
|  24|0x000000070c800000, 0x000000070c800000, 0x000000070ca00000|  0%| F|  |TAMS 0x000000070c800000, 0x000000070c800000| Untracked 
|  25|0x000000070ca00000, 0x000000070ca00000, 0x000000070cc00000|  0%| F|  |TAMS 0x000000070ca00000, 0x000000070ca00000| Untracked 
|  26|0x000000070cc00000, 0x000000070cc00000, 0x000000070ce00000|  0%| F|  |TAMS 0x000000070cc00000, 0x000000070cc00000| Untracked 
|  27|0x000000070ce00000, 0x000000070ce00000, 0x000000070d000000|  0%| F|  |TAMS 0x000000070ce00000, 0x000000070ce00000| Untracked 
|  28|0x000000070d000000, 0x000000070d000000, 0x000000070d200000|  0%| F|  |TAMS 0x000000070d000000, 0x000000070d000000| Untracked 
|  29|0x000000070d200000, 0x000000070d200000, 0x000000070d400000|  0%| F|  |TAMS 0x000000070d200000, 0x000000070d200000| Untracked 
|  30|0x000000070d400000, 0x000000070d400000, 0x000000070d600000|  0%| F|  |TAMS 0x000000070d400000, 0x000000070d400000| Untracked 
|  31|0x000000070d600000, 0x000000070d600000, 0x000000070d800000|  0%| F|  |TAMS 0x000000070d600000, 0x000000070d600000| Untracked 
|  32|0x000000070d800000, 0x000000070d800000, 0x000000070da00000|  0%| F|  |TAMS 0x000000070d800000, 0x000000070d800000| Untracked 
|  33|0x000000070da00000, 0x000000070da00000, 0x000000070dc00000|  0%| F|  |TAMS 0x000000070da00000, 0x000000070da00000| Untracked 
|  34|0x000000070dc00000, 0x000000070dc00000, 0x000000070de00000|  0%| F|  |TAMS 0x000000070dc00000, 0x000000070dc00000| Untracked 
|  35|0x000000070de00000, 0x000000070de00000, 0x000000070e000000|  0%| F|  |TAMS 0x000000070de00000, 0x000000070de00000| Untracked 
|  36|0x000000070e000000, 0x000000070e000000, 0x000000070e200000|  0%| F|  |TAMS 0x000000070e000000, 0x000000070e000000| Untracked 
|  37|0x000000070e200000, 0x000000070e200000, 0x000000070e400000|  0%| F|  |TAMS 0x000000070e200000, 0x000000070e200000| Untracked 
|  38|0x000000070e400000, 0x000000070e400000, 0x000000070e600000|  0%| F|  |TAMS 0x000000070e400000, 0x000000070e400000| Untracked 
|  39|0x000000070e600000, 0x000000070e600000, 0x000000070e800000|  0%| F|  |TAMS 0x000000070e600000, 0x000000070e600000| Untracked 
|  40|0x000000070e800000, 0x000000070e800000, 0x000000070ea00000|  0%| F|  |TAMS 0x000000070e800000, 0x000000070e800000| Untracked 
|  41|0x000000070ea00000, 0x000000070ea00000, 0x000000070ec00000|  0%| F|  |TAMS 0x000000070ea00000, 0x000000070ea00000| Untracked 
|  42|0x000000070ec00000, 0x000000070ec00000, 0x000000070ee00000|  0%| F|  |TAMS 0x000000070ec00000, 0x000000070ec00000| Untracked 
|  43|0x000000070ee00000, 0x000000070ee00000, 0x000000070f000000|  0%| F|  |TAMS 0x000000070ee00000, 0x000000070ee00000| Untracked 
|  44|0x000000070f000000, 0x000000070f000000, 0x000000070f200000|  0%| F|  |TAMS 0x000000070f000000, 0x000000070f000000| Untracked 
|  45|0x000000070f200000, 0x000000070f200000, 0x000000070f400000|  0%| F|  |TAMS 0x000000070f200000, 0x000000070f200000| Untracked 
|  46|0x000000070f400000, 0x000000070f400000, 0x000000070f600000|  0%| F|  |TAMS 0x000000070f400000, 0x000000070f400000| Untracked 
|  47|0x000000070f600000, 0x000000070f600000, 0x000000070f800000|  0%| F|  |TAMS 0x000000070f600000, 0x000000070f600000| Untracked 
|  48|0x000000070f800000, 0x000000070f800000, 0x000000070fa00000|  0%| F|  |TAMS 0x000000070f800000, 0x000000070f800000| Untracked 
|  49|0x000000070fa00000, 0x000000070fa00000, 0x000000070fc00000|  0%| F|  |TAMS 0x000000070fa00000, 0x000000070fa00000| Untracked 
|  50|0x000000070fc00000, 0x000000070fc00000, 0x000000070fe00000|  0%| F|  |TAMS 0x000000070fc00000, 0x000000070fc00000| Untracked 
|  51|0x000000070fe00000, 0x000000070fe00000, 0x0000000710000000|  0%| F|  |TAMS 0x000000070fe00000, 0x000000070fe00000| Untracked 
|  52|0x0000000710000000, 0x0000000710000000, 0x0000000710200000|  0%| F|  |TAMS 0x0000000710000000, 0x0000000710000000| Untracked 
|  53|0x0000000710200000, 0x0000000710200000, 0x0000000710400000|  0%| F|  |TAMS 0x0000000710200000, 0x0000000710200000| Untracked 
|  54|0x0000000710400000, 0x0000000710400000, 0x0000000710600000|  0%| F|  |TAMS 0x0000000710400000, 0x0000000710400000| Untracked 
|  55|0x0000000710600000, 0x0000000710600000, 0x0000000710800000|  0%| F|  |TAMS 0x0000000710600000, 0x0000000710600000| Untracked 
|  56|0x0000000710800000, 0x0000000710800000, 0x0000000710a00000|  0%| F|  |TAMS 0x0000000710800000, 0x0000000710800000| Untracked 
|  57|0x0000000710a00000, 0x0000000710a00000, 0x0000000710c00000|  0%| F|  |TAMS 0x0000000710a00000, 0x0000000710a00000| Untracked 
|  58|0x0000000710c00000, 0x0000000710c00000, 0x0000000710e00000|  0%| F|  |TAMS 0x0000000710c00000, 0x0000000710c00000| Untracked 
|  59|0x0000000710e00000, 0x0000000710e00000, 0x0000000711000000|  0%| F|  |TAMS 0x0000000710e00000, 0x0000000710e00000| Untracked 
|  60|0x0000000711000000, 0x0000000711000000, 0x0000000711200000|  0%| F|  |TAMS 0x0000000711000000, 0x0000000711000000| Untracked 
|  61|0x0000000711200000, 0x0000000711200000, 0x0000000711400000|  0%| F|  |TAMS 0x0000000711200000, 0x0000000711200000| Untracked 
|  62|0x0000000711400000, 0x0000000711400000, 0x0000000711600000|  0%| F|  |TAMS 0x0000000711400000, 0x0000000711400000| Untracked 
|  63|0x0000000711600000, 0x0000000711600000, 0x0000000711800000|  0%| F|  |TAMS 0x0000000711600000, 0x0000000711600000| Untracked 
|  64|0x0000000711800000, 0x0000000711800000, 0x0000000711a00000|  0%| F|  |TAMS 0x0000000711800000, 0x0000000711800000| Untracked 
|  65|0x0000000711a00000, 0x0000000711a00000, 0x0000000711c00000|  0%| F|  |TAMS 0x0000000711a00000, 0x0000000711a00000| Untracked 
|  66|0x0000000711c00000, 0x0000000711c00000, 0x0000000711e00000|  0%| F|  |TAMS 0x0000000711c00000, 0x0000000711c00000| Untracked 
|  67|0x0000000711e00000, 0x0000000711e00000, 0x0000000712000000|  0%| F|  |TAMS 0x0000000711e00000, 0x0000000711e00000| Untracked 
|  68|0x0000000712000000, 0x0000000712000000, 0x0000000712200000|  0%| F|  |TAMS 0x0000000712000000, 0x0000000712000000| Untracked 
|  69|0x0000000712200000, 0x0000000712200000, 0x0000000712400000|  0%| F|  |TAMS 0x0000000712200000, 0x0000000712200000| Untracked 
|  70|0x0000000712400000, 0x0000000712400000, 0x0000000712600000|  0%| F|  |TAMS 0x0000000712400000, 0x0000000712400000| Untracked 
|  71|0x0000000712600000, 0x0000000712600000, 0x0000000712800000|  0%| F|  |TAMS 0x0000000712600000, 0x0000000712600000| Untracked 
|  72|0x0000000712800000, 0x0000000712800000, 0x0000000712a00000|  0%| F|  |TAMS 0x0000000712800000, 0x0000000712800000| Untracked 
|  73|0x0000000712a00000, 0x0000000712a00000, 0x0000000712c00000|  0%| F|  |TAMS 0x0000000712a00000, 0x0000000712a00000| Untracked 
|  74|0x0000000712c00000, 0x0000000712c00000, 0x0000000712e00000|  0%| F|  |TAMS 0x0000000712c00000, 0x0000000712c00000| Untracked 
|  75|0x0000000712e00000, 0x0000000712e00000, 0x0000000713000000|  0%| F|  |TAMS 0x0000000712e00000, 0x0000000712e00000| Untracked 
|  76|0x0000000713000000, 0x0000000713000000, 0x0000000713200000|  0%| F|  |TAMS 0x0000000713000000, 0x0000000713000000| Untracked 
|  77|0x0000000713200000, 0x0000000713200000, 0x0000000713400000|  0%| F|  |TAMS 0x0000000713200000, 0x0000000713200000| Untracked 
|  78|0x0000000713400000, 0x0000000713400000, 0x0000000713600000|  0%| F|  |TAMS 0x0000000713400000, 0x0000000713400000| Untracked 
|  79|0x0000000713600000, 0x0000000713600000, 0x0000000713800000|  0%| F|  |TAMS 0x0000000713600000, 0x0000000713600000| Untracked 
|  80|0x0000000713800000, 0x0000000713800000, 0x0000000713a00000|  0%| F|  |TAMS 0x0000000713800000, 0x0000000713800000| Untracked 
|  81|0x0000000713a00000, 0x0000000713a00000, 0x0000000713c00000|  0%| F|  |TAMS 0x0000000713a00000, 0x0000000713a00000| Untracked 
|  82|0x0000000713c00000, 0x0000000713c00000, 0x0000000713e00000|  0%| F|  |TAMS 0x0000000713c00000, 0x0000000713c00000| Untracked 
|  83|0x0000000713e00000, 0x0000000713e00000, 0x0000000714000000|  0%| F|  |TAMS 0x0000000713e00000, 0x0000000713e00000| Untracked 
|  84|0x0000000714000000, 0x0000000714000000, 0x0000000714200000|  0%| F|  |TAMS 0x0000000714000000, 0x0000000714000000| Untracked 
|  85|0x0000000714200000, 0x0000000714200000, 0x0000000714400000|  0%| F|  |TAMS 0x0000000714200000, 0x0000000714200000| Untracked 
|  86|0x0000000714400000, 0x0000000714400000, 0x0000000714600000|  0%| F|  |TAMS 0x0000000714400000, 0x0000000714400000| Untracked 
|  87|0x0000000714600000, 0x0000000714600000, 0x0000000714800000|  0%| F|  |TAMS 0x0000000714600000, 0x0000000714600000| Untracked 
|  88|0x0000000714800000, 0x0000000714800000, 0x0000000714a00000|  0%| F|  |TAMS 0x0000000714800000, 0x0000000714800000| Untracked 
|  89|0x0000000714a00000, 0x0000000714a00000, 0x0000000714c00000|  0%| F|  |TAMS 0x0000000714a00000, 0x0000000714a00000| Untracked 
|  90|0x0000000714c00000, 0x0000000714c00000, 0x0000000714e00000|  0%| F|  |TAMS 0x0000000714c00000, 0x0000000714c00000| Untracked 
|  91|0x0000000714e00000, 0x0000000714e00000, 0x0000000715000000|  0%| F|  |TAMS 0x0000000714e00000, 0x0000000714e00000| Untracked 
|  92|0x0000000715000000, 0x0000000715000000, 0x0000000715200000|  0%| F|  |TAMS 0x0000000715000000, 0x0000000715000000| Untracked 
|  93|0x0000000715200000, 0x0000000715200000, 0x0000000715400000|  0%| F|  |TAMS 0x0000000715200000, 0x0000000715200000| Untracked 
|  94|0x0000000715400000, 0x0000000715400000, 0x0000000715600000|  0%| F|  |TAMS 0x0000000715400000, 0x0000000715400000| Untracked 
|  95|0x0000000715600000, 0x0000000715600000, 0x0000000715800000|  0%| F|  |TAMS 0x0000000715600000, 0x0000000715600000| Untracked 
|  96|0x0000000715800000, 0x0000000715800000, 0x0000000715a00000|  0%| F|  |TAMS 0x0000000715800000, 0x0000000715800000| Untracked 
|  97|0x0000000715a00000, 0x0000000715a00000, 0x0000000715c00000|  0%| F|  |TAMS 0x0000000715a00000, 0x0000000715a00000| Untracked 
|  98|0x0000000715c00000, 0x0000000715c00000, 0x0000000715e00000|  0%| F|  |TAMS 0x0000000715c00000, 0x0000000715c00000| Untracked 
|  99|0x0000000715e00000, 0x0000000715e00000, 0x0000000716000000|  0%| F|  |TAMS 0x0000000715e00000, 0x0000000715e00000| Untracked 
| 100|0x0000000716000000, 0x0000000716000000, 0x0000000716200000|  0%| F|  |TAMS 0x0000000716000000, 0x0000000716000000| Untracked 
| 101|0x0000000716200000, 0x0000000716200000, 0x0000000716400000|  0%| F|  |TAMS 0x0000000716200000, 0x0000000716200000| Untracked 
| 102|0x0000000716400000, 0x0000000716400000, 0x0000000716600000|  0%| F|  |TAMS 0x0000000716400000, 0x0000000716400000| Untracked 
| 103|0x0000000716600000, 0x0000000716600000, 0x0000000716800000|  0%| F|  |TAMS 0x0000000716600000, 0x0000000716600000| Untracked 
| 104|0x0000000716800000, 0x0000000716800000, 0x0000000716a00000|  0%| F|  |TAMS 0x0000000716800000, 0x0000000716800000| Untracked 
| 105|0x0000000716a00000, 0x0000000716a00000, 0x0000000716c00000|  0%| F|  |TAMS 0x0000000716a00000, 0x0000000716a00000| Untracked 
| 106|0x0000000716c00000, 0x0000000716c00000, 0x0000000716e00000|  0%| F|  |TAMS 0x0000000716c00000, 0x0000000716c00000| Untracked 
| 107|0x0000000716e00000, 0x0000000716e00000, 0x0000000717000000|  0%| F|  |TAMS 0x0000000716e00000, 0x0000000716e00000| Untracked 
| 108|0x0000000717000000, 0x0000000717143940, 0x0000000717200000| 63%| S|CS|TAMS 0x0000000717000000, 0x0000000717000000| Complete 
| 109|0x0000000717200000, 0x0000000717200000, 0x0000000717400000|  0%| F|  |TAMS 0x0000000717200000, 0x0000000717200000| Untracked 
| 110|0x0000000717400000, 0x0000000717400000, 0x0000000717600000|  0%| F|  |TAMS 0x0000000717400000, 0x0000000717400000| Untracked 
| 111|0x0000000717600000, 0x0000000717600000, 0x0000000717800000|  0%| F|  |TAMS 0x0000000717600000, 0x0000000717600000| Untracked 
| 112|0x0000000717800000, 0x0000000717800000, 0x0000000717a00000|  0%| F|  |TAMS 0x0000000717800000, 0x0000000717800000| Untracked 
| 113|0x0000000717a00000, 0x0000000717a00000, 0x0000000717c00000|  0%| F|  |TAMS 0x0000000717a00000, 0x0000000717a00000| Untracked 
| 114|0x0000000717c00000, 0x0000000717c00000, 0x0000000717e00000|  0%| F|  |TAMS 0x0000000717c00000, 0x0000000717c00000| Untracked 
| 115|0x0000000717e00000, 0x0000000717f00800, 0x0000000718000000| 50%| E|  |TAMS 0x0000000717e00000, 0x0000000717e00000| Complete 
| 116|0x0000000718000000, 0x0000000718200000, 0x0000000718200000|100%| E|CS|TAMS 0x0000000718000000, 0x0000000718000000| Complete 
| 117|0x0000000718200000, 0x0000000718400000, 0x0000000718400000|100%| E|CS|TAMS 0x0000000718200000, 0x0000000718200000| Complete 
| 118|0x0000000718400000, 0x0000000718600000, 0x0000000718600000|100%| E|CS|TAMS 0x0000000718400000, 0x0000000718400000| Complete 
| 119|0x0000000718600000, 0x0000000718800000, 0x0000000718800000|100%| E|CS|TAMS 0x0000000718600000, 0x0000000718600000| Complete 
| 120|0x0000000718800000, 0x0000000718a00000, 0x0000000718a00000|100%| E|CS|TAMS 0x0000000718800000, 0x0000000718800000| Complete 
| 121|0x0000000718a00000, 0x0000000718c00000, 0x0000000718c00000|100%| E|CS|TAMS 0x0000000718a00000, 0x0000000718a00000| Complete 
| 122|0x0000000718c00000, 0x0000000718e00000, 0x0000000718e00000|100%| E|CS|TAMS 0x0000000718c00000, 0x0000000718c00000| Complete 
| 123|0x0000000718e00000, 0x0000000719000000, 0x0000000719000000|100%| E|CS|TAMS 0x0000000718e00000, 0x0000000718e00000| Complete 

Card table byte_map: [0x0000015f68f10000,0x0000015f696d0000] _byte_map_base: 0x0000015f656c4000

Marking Bits (Prev, Next): (CMBitMap*) 0x0000015f515e7770, (CMBitMap*) 0x0000015f515e77b0
 Prev Bits: [0x0000015f69e90000, 0x0000015f6dc30000)
 Next Bits: [0x0000015f6dc30000, 0x0000015f719d0000)

Polling page: 0x0000015f4fcc0000

Metaspace:

Usage:
  Non-class:      9.61 MB used.
      Class:      1.34 MB used.
       Both:     10.96 MB used.

Virtual space:
  Non-class space:       64.00 MB reserved,       9.69 MB ( 15%) committed,  1 nodes.
      Class space:        1.00 GB reserved,       1.44 MB ( <1%) committed,  1 nodes.
             Both:        1.06 GB reserved,      11.12 MB (  1%) committed. 

Chunk freelists:
   Non-Class:  4.84 MB
       Class:  14.61 MB
        Both:  19.45 MB

MaxMetaspaceSize: unlimited
CompressedClassSpaceSize: 1.00 GB
Initial GC threshold: 21.00 MB
Current GC threshold: 21.00 MB
CDS: on
MetaspaceReclaimPolicy: balanced
 - commit_granule_bytes: 65536.
 - commit_granule_words: 8192.
 - virtual_space_node_default_size: 8388608.
 - enlarge_chunks_in_place: 1.
 - new_chunks_are_fully_committed: 0.
 - uncommit_free_chunks: 1.
 - use_allocation_guard: 0.
 - handle_deallocations: 1.


Internal statistics:

num_allocs_failed_limit: 0.
num_arena_births: 64.
num_arena_deaths: 0.
num_vsnodes_births: 2.
num_vsnodes_deaths: 0.
num_space_committed: 178.
num_space_uncommitted: 0.
num_chunks_returned_to_freelist: 0.
num_chunks_taken_from_freelist: 465.
num_chunk_merges: 0.
num_chunk_splits: 308.
num_chunks_enlarged: 248.
num_inconsistent_stats: 0.

CodeHeap 'non-profiled nmethods': size=120000Kb used=757Kb max_used=757Kb free=119242Kb
 bounds [0x0000015f609e0000, 0x0000015f60c50000, 0x0000015f67f10000]
CodeHeap 'profiled nmethods': size=120000Kb used=3883Kb max_used=3883Kb free=116116Kb
 bounds [0x0000015f58f10000, 0x0000015f592e0000, 0x0000015f60440000]
CodeHeap 'non-nmethods': size=5760Kb used=1158Kb max_used=1189Kb free=4601Kb
 bounds [0x0000015f60440000, 0x0000015f606b0000, 0x0000015f609e0000]
 total_blobs=2425 nmethods=1981 adapters=356
 compilation: enabled
              stopped_count=0, restarted_count=0
 full_count=0

Compilation events (20 events):
Event: 1.361 Thread 0x0000015f74378090 nmethod 1863 0x0000015f592aad10 code [0x0000015f592aaea0, 0x0000015f592aafb8]
Event: 1.361 Thread 0x0000015f74378090 1864       3       com.google.inject.spi.DefaultElementVisitor::visit (6 bytes)
Event: 1.361 Thread 0x0000015f74d2b800 nmethod 1845 0x0000015f60a94f90 code [0x0000015f60a95120, 0x0000015f60a95268]
Event: 1.361 Thread 0x0000015f74378090 nmethod 1864 0x0000015f592ab090 code [0x0000015f592ab240, 0x0000015f592ab408]
Event: 1.361 Thread 0x0000015f74378090 1865       3       java.lang.Boolean::valueOf (14 bytes)
Event: 1.361 Thread 0x0000015f74378090 nmethod 1865 0x0000015f592ab490 code [0x0000015f592ab620, 0x0000015f592ab798]
Event: 1.361 Thread 0x0000015f74378090 1866       3       com.google.inject.internal.AbstractProcessor$$Lambda$95/0x0000015f01153d48::test (16 bytes)
Event: 1.362 Thread 0x0000015f74378090 nmethod 1866 0x0000015f592ab810 code [0x0000015f592aba20, 0x0000015f592ac358]
Event: 1.362 Thread 0x0000015f74378090 1867       3       com.google.inject.internal.AbstractProcessor::lambda$process$0 (28 bytes)
Event: 1.362 Thread 0x0000015f74378090 nmethod 1867 0x0000015f592ac590 code [0x0000015f592ac780, 0x0000015f592acf18]
Event: 1.362 Thread 0x0000015f74378090 1868       3       com.google.inject.internal.Errors::withSource (29 bytes)
Event: 1.362 Thread 0x0000015f74378090 nmethod 1868 0x0000015f592ad110 code [0x0000015f592ad2c0, 0x0000015f592ad6b8]
Event: 1.366 Thread 0x0000015f74378090 1869       3       java.lang.ClassLoader::checkName (37 bytes)
Event: 1.367 Thread 0x0000015f74378090 nmethod 1869 0x0000015f592ad790 code [0x0000015f592ad9e0, 0x0000015f592ae418]
Event: 1.417 Thread 0x0000015f74378090 1870       3       com.google.inject.internal.AbstractProcessor::visitOther (6 bytes)
Event: 1.417 Thread 0x0000015f74378090 nmethod 1870 0x0000015f592ae790 code [0x0000015f592ae940, 0x0000015f592aeb98]
Event: 1.417 Thread 0x0000015f74378090 1871       3       com.google.inject.internal.AbstractProcessor::visitOther (5 bytes)
Event: 1.417 Thread 0x0000015f74378090 nmethod 1871 0x0000015f592aec90 code [0x0000015f592aee20, 0x0000015f592aef98]
Event: 1.417 Thread 0x0000015f74d2b800 1872       4       java.util.ArrayList::elementAt (4 bytes)
Event: 1.418 Thread 0x0000015f74d2b800 nmethod 1872 0x0000015f60a95390 code [0x0000015f60a95500, 0x0000015f60a95598]

GC Heap History (4 events):
Event: 0.606 GC heap before
{Heap before GC invocations=0 (full 0):
 garbage-first heap   total 253952K, used 20480K [0x0000000709800000, 0x0000000800000000)
  region size 2048K, 10 young (20480K), 0 survivors (0K)
 Metaspace       used 5372K, committed 5632K, reserved 1114112K
  class space    used 643K, committed 768K, reserved 1048576K
}
Event: 0.617 GC heap after
{Heap after GC invocations=1 (full 0):
 garbage-first heap   total 253952K, used 3577K [0x0000000709800000, 0x0000000800000000)
  region size 2048K, 2 young (4096K), 2 survivors (4096K)
 Metaspace       used 5372K, committed 5632K, reserved 1114112K
  class space    used 643K, committed 768K, reserved 1048576K
}
Event: 1.089 GC heap before
{Heap before GC invocations=1 (full 0):
 garbage-first heap   total 253952K, used 30201K [0x0000000709800000, 0x0000000800000000)
  region size 2048K, 15 young (30720K), 2 survivors (4096K)
 Metaspace       used 8080K, committed 8256K, reserved 1114112K
  class space    used 968K, committed 1024K, reserved 1048576K
}
Event: 1.091 GC heap after
{Heap after GC invocations=2 (full 0):
 garbage-first heap   total 253952K, used 4726K [0x0000000709800000, 0x0000000800000000)
  region size 2048K, 1 young (2048K), 1 survivors (2048K)
 Metaspace       used 8080K, committed 8256K, reserved 1114112K
  class space    used 968K, committed 1024K, reserved 1048576K
}

Deoptimization events (20 events):
Event: 1.214 Thread 0x0000015f51579280 Uncommon trap: trap_request=0xffffffc6 fr.pc=0x0000015f60a64648 relative=0x0000000000000468
Event: 1.214 Thread 0x0000015f51579280 Uncommon trap: reason=bimorphic_or_optimized_type_check action=maybe_recompile pc=0x0000015f60a64648 method=java.util.HashMap.getNode(Ljava/lang/Object;)Ljava/util/HashMap$Node; @ 63 c2
Event: 1.214 Thread 0x0000015f51579280 DEOPT PACKING pc=0x0000015f60a64648 sp=0x00000056e71fdcb0
Event: 1.214 Thread 0x0000015f51579280 DEOPT UNPACKING pc=0x0000015f604923a3 sp=0x00000056e71fdc28 mode 2
Event: 1.214 Thread 0x0000015f51579280 Uncommon trap: trap_request=0xffffffc6 fr.pc=0x0000015f60a64664 relative=0x0000000000000484
Event: 1.214 Thread 0x0000015f51579280 Uncommon trap: reason=bimorphic_or_optimized_type_check action=maybe_recompile pc=0x0000015f60a64664 method=java.util.HashMap.getNode(Ljava/lang/Object;)Ljava/util/HashMap$Node; @ 128 c2
Event: 1.214 Thread 0x0000015f51579280 DEOPT PACKING pc=0x0000015f60a64664 sp=0x00000056e71fdcb0
Event: 1.214 Thread 0x0000015f51579280 DEOPT UNPACKING pc=0x0000015f604923a3 sp=0x00000056e71fdc28 mode 2
Event: 1.215 Thread 0x0000015f51579280 Uncommon trap: trap_request=0xffffffc6 fr.pc=0x0000015f60a64664 relative=0x0000000000000484
Event: 1.215 Thread 0x0000015f51579280 Uncommon trap: reason=bimorphic_or_optimized_type_check action=maybe_recompile pc=0x0000015f60a64664 method=java.util.HashMap.getNode(Ljava/lang/Object;)Ljava/util/HashMap$Node; @ 128 c2
Event: 1.215 Thread 0x0000015f51579280 DEOPT PACKING pc=0x0000015f60a64664 sp=0x00000056e71fdcb0
Event: 1.215 Thread 0x0000015f51579280 DEOPT UNPACKING pc=0x0000015f604923a3 sp=0x00000056e71fdc28 mode 2
Event: 1.329 Thread 0x0000015f51579280 Uncommon trap: trap_request=0xffffff45 fr.pc=0x0000015f60a253b0 relative=0x0000000000000290
Event: 1.329 Thread 0x0000015f51579280 Uncommon trap: reason=unstable_if action=reinterpret pc=0x0000015f60a253b0 method=java.util.concurrent.ConcurrentHashMap.get(Ljava/lang/Object;)Ljava/lang/Object; @ 76 c2
Event: 1.329 Thread 0x0000015f51579280 DEOPT PACKING pc=0x0000015f60a253b0 sp=0x00000056e71fad00
Event: 1.329 Thread 0x0000015f51579280 DEOPT UNPACKING pc=0x0000015f604923a3 sp=0x00000056e71fac78 mode 2
Event: 1.349 Thread 0x0000015f51579280 Uncommon trap: trap_request=0xffffff45 fr.pc=0x0000015f60a560a4 relative=0x0000000000000184
Event: 1.349 Thread 0x0000015f51579280 Uncommon trap: reason=unstable_if action=reinterpret pc=0x0000015f60a560a4 method=java.lang.ClassLoader.checkName(Ljava/lang/String;)Z @ 1 c2
Event: 1.349 Thread 0x0000015f51579280 DEOPT PACKING pc=0x0000015f60a560a4 sp=0x00000056e71fd430
Event: 1.349 Thread 0x0000015f51579280 DEOPT UNPACKING pc=0x0000015f604923a3 sp=0x00000056e71fd3c8 mode 2

Classes unloaded (0 events):
No events

Classes redefined (0 events):
No events

Internal exceptions (20 events):
Event: 0.216 Thread 0x0000015f51579280 Exception <a 'sun/nio/fs/WindowsException'{0x0000000718b4a100}> (0x0000000718b4a100) 
thrown [s\open\src\hotspot\share\prims\jni.cpp, line 516]
Event: 0.217 Thread 0x0000015f51579280 Exception <a 'sun/nio/fs/WindowsException'{0x0000000718b4a660}> (0x0000000718b4a660) 
thrown [s\open\src\hotspot\share\prims\jni.cpp, line 516]
Event: 0.217 Thread 0x0000015f51579280 Exception <a 'sun/nio/fs/WindowsException'{0x0000000718b4ab60}> (0x0000000718b4ab60) 
thrown [s\open\src\hotspot\share\prims\jni.cpp, line 516]
Event: 0.217 Thread 0x0000015f51579280 Exception <a 'sun/nio/fs/WindowsException'{0x0000000718b4b018}> (0x0000000718b4b018) 
thrown [s\open\src\hotspot\share\prims\jni.cpp, line 516]
Event: 0.227 Thread 0x0000015f51579280 Exception <a 'java/lang/NoSuchMethodError'{0x0000000718b9d110}: 'void java.lang.invoke.DirectMethodHandle$Holder.invokeStatic(java.lang.Object, java.lang.Object)'> (0x0000000718b9d110) 
thrown [s\open\src\hotspot\share\interpreter\linkResolver.cpp, line 759]
Event: 0.227 Thread 0x0000015f51579280 Exception <a 'java/lang/NoSuchMethodError'{0x0000000718ba0a28}: 'void java.lang.invoke.DirectMethodHandle$Holder.invokeStaticInit(java.lang.Object, java.lang.Object)'> (0x0000000718ba0a28) 
thrown [s\open\src\hotspot\share\interpreter\linkResolver.cpp, line 759]
Event: 0.239 Thread 0x0000015f51579280 Exception <a 'java/lang/NoSuchMethodError'{0x0000000718bed9a8}: 'void java.lang.invoke.DirectMethodHandle$Holder.invokeStatic(java.lang.Object, java.lang.Object, java.lang.Object)'> (0x0000000718bed9a8) 
thrown [s\open\src\hotspot\share\interpreter\linkResolver.cpp, line 759]
Event: 0.289 Thread 0x0000015f51579280 Exception <a 'java/lang/NoSuchMethodError'{0x000000071897a9b0}: 'java.lang.Object java.lang.invoke.DirectMethodHandle$Holder.invokeSpecialIFC(java.lang.Object, java.lang.Object, java.lang.Object, java.lang.Object)'> (0x000000071897a9b0) 
thrown [s\open\src\hotspot\share\interpreter\linkResolver.cpp, line 759]
Event: 0.446 Thread 0x0000015f51579280 Exception <a 'java/lang/NoSuchMethodError'{0x0000000718353a10}: 'void java.lang.invoke.DirectMethodHandle$Holder.invokeSpecial(java.lang.Object, java.lang.Object, java.lang.Object)'> (0x0000000718353a10) 
thrown [s\open\src\hotspot\share\interpreter\linkResolver.cpp, line 759]
Event: 0.476 Thread 0x0000015f51579280 Exception <a 'java/lang/NoSuchMethodError'{0x00000007180b2508}: 'java.lang.Object java.lang.invoke.DirectMethodHandle$Holder.invokeInterface(java.lang.Object, java.lang.Object)'> (0x00000007180b2508) 
thrown [s\open\src\hotspot\share\interpreter\linkResolver.cpp, line 759]
Event: 0.491 Thread 0x0000015f51579280 Exception <a 'java/lang/NoSuchMethodError'{0x000000071815c8d0}: 'java.lang.Object java.lang.invoke.Invokers$Holder.invokeExact_MT(java.lang.Object, java.lang.Object, java.lang.Object, java.lang.Object, java.lang.Object, java.lang.Object)'> (0x000000071815c8d0) 
thrown [s\open\src\hotspot\share\interpreter\linkResolver.cpp, line 759]
Event: 0.492 Thread 0x0000015f51579280 Exception <a 'java/lang/NoSuchMethodError'{0x000000071816dd70}: 'int java.lang.invoke.DirectMethodHandle$Holder.invokeSpecialIFC(java.lang.Object, java.lang.Object, java.lang.Object, java.lang.Object, java.lang.Object)'> (0x000000071816dd70) 
thrown [s\open\src\hotspot\share\interpreter\linkResolver.cpp, line 759]
Event: 0.535 Thread 0x0000015f51579280 Exception <a 'java/lang/NoSuchMethodError'{0x0000000717f12a18}: 'java.lang.Object java.lang.invoke.DirectMethodHandle$Holder.newInvokeSpecial(java.lang.Object, java.lang.Object, java.lang.Object, java.lang.Object, java.lang.Object)'> (0x0000000717f12a18) 
thrown [s\open\src\hotspot\share\interpreter\linkResolver.cpp, line 759]
Event: 0.565 Thread 0x0000015f51579280 Exception <a 'java/lang/NoSuchMethodError'{0x0000000717c18d00}: 'int java.lang.invoke.DirectMethodHandle$Holder.invokeStaticInit(java.lang.Object, java.lang.Object)'> (0x0000000717c18d00) 
thrown [s\open\src\hotspot\share\interpreter\linkResolver.cpp, line 759]
Event: 0.573 Thread 0x0000015f51579280 Exception <a 'java/lang/NoClassDefFoundError'{0x0000000717c51268}: javax/enterprise/inject/Typed> (0x0000000717c51268) 
thrown [s\open\src\hotspot\share\classfile\systemDictionary.cpp, line 245]
Event: 1.324 Thread 0x0000015f51579280 Exception <a 'java/lang/NoSuchMethodError'{0x00000007182e6bb8}: 'void java.lang.invoke.DirectMethodHandle$Holder.invokeStaticInit(java.lang.Object, java.lang.Object, java.lang.Object)'> (0x00000007182e6bb8) 
thrown [s\open\src\hotspot\share\interpreter\linkResolver.cpp, line 759]
Event: 1.328 Thread 0x0000015f51579280 Exception <a 'java/lang/ExceptionInInitializerError'{0x0000000718312420}> (0x0000000718312420) 
thrown [s\open\src\hotspot\share\oops\instanceKlass.cpp, line 1216]
Event: 1.349 Thread 0x0000015f51579280 Implicit null exception at 0x0000015f60a55f2f to 0x0000015f60a56094
Event: 1.350 Thread 0x0000015f51579280 Exception <a 'java/lang/NoSuchMethodError'{0x0000000718022e48}: 'java.lang.Object java.lang.invoke.Invokers$Holder.invokeExact_MT(java.lang.Object, int, java.lang.Object)'> (0x0000000718022e48) 
thrown [s\open\src\hotspot\share\interpreter\linkResolver.cpp, line 759]
Event: 1.360 Thread 0x0000015f51579280 Exception <a 'java/lang/NoSuchMethodError'{0x0000000718098718}: 'int java.lang.invoke.DirectMethodHandle$Holder.invokeSpecial(java.lang.Object, java.lang.Object, java.lang.Object, java.lang.Object)'> (0x0000000718098718) 
thrown [s\open\src\hotspot\share\interpreter\linkResolver.cpp, line 759]

VM Operations (18 events):
Event: 0.077 Executing VM operation: HandshakeAllThreads
Event: 0.077 Executing VM operation: HandshakeAllThreads done
Event: 0.181 Executing VM operation: HandshakeAllThreads
Event: 0.181 Executing VM operation: HandshakeAllThreads done
Event: 0.196 Executing VM operation: HandshakeAllThreads
Event: 0.212 Executing VM operation: HandshakeAllThreads done
Event: 0.302 Executing VM operation: HandshakeAllThreads
Event: 0.302 Executing VM operation: HandshakeAllThreads done
Event: 0.605 Executing VM operation: G1CollectForAllocation
Event: 0.618 Executing VM operation: G1CollectForAllocation done
Event: 1.032 Executing VM operation: HandshakeAllThreads
Event: 1.033 Executing VM operation: HandshakeAllThreads done
Event: 1.078 Executing VM operation: HandshakeAllThreads
Event: 1.078 Executing VM operation: HandshakeAllThreads done
Event: 1.089 Executing VM operation: G1CollectForAllocation
Event: 1.091 Executing VM operation: G1CollectForAllocation done
Event: 1.331 Executing VM operation: HandshakeAllThreads
Event: 1.331 Executing VM operation: HandshakeAllThreads done

Events (20 events):
Event: 1.180 loading class java/security/NoSuchAlgorithmException
Event: 1.180 loading class java/security/GeneralSecurityException
Event: 1.180 loading class java/security/GeneralSecurityException done
Event: 1.180 loading class java/security/NoSuchAlgorithmException done
Event: 1.213 loading class java/util/concurrent/atomic/AtomicBoolean
Event: 1.213 loading class java/util/concurrent/atomic/AtomicBoolean done
Event: 1.241 loading class sun/reflect/generics/repository/FieldRepository
Event: 1.241 loading class sun/reflect/generics/repository/FieldRepository done
Event: 1.251 loading class java/io/UncheckedIOException
Event: 1.251 loading class java/io/UncheckedIOException done
Event: 1.262 loading class java/nio/channels/OverlappingFileLockException
Event: 1.262 loading class java/nio/channels/OverlappingFileLockException done
Event: 1.262 loading class java/nio/channels/FileLock
Event: 1.262 loading class java/nio/channels/FileLock done
Event: 1.291 loading class java/nio/file/AccessDeniedException
Event: 1.291 loading class java/nio/file/AccessDeniedException done
Event: 1.326 loading class java/lang/ExceptionInInitializerError
Event: 1.327 loading class java/lang/ExceptionInInitializerError done
Event: 1.329 loading class jdk/internal/vm/annotation/ForceInline
Event: 1.329 loading class jdk/internal/vm/annotation/ForceInline done


Dynamic libraries:
0x00007ff67c280000 - 0x00007ff67c290000 	C:\Program Files\Java\jdk-17\bin\java.exe
0x00007fff74ae0000 - 0x00007fff74d40000 	C:\WINDOWS\SYSTEM32\ntdll.dll
0x00007fff745f0000 - 0x00007fff746b7000 	C:\WINDOWS\System32\KERNEL32.DLL
0x00007fff71c90000 - 0x00007fff7205a000 	C:\WINDOWS\System32\KERNELBASE.dll
0x00007fff722d0000 - 0x00007fff7241b000 	C:\WINDOWS\System32\ucrtbase.dll
0x00007fff64580000 - 0x00007fff64599000 	C:\Program Files\Java\jdk-17\bin\jli.dll
0x00007fff74530000 - 0x00007fff745e2000 	C:\WINDOWS\System32\ADVAPI32.dll
0x00007fff5c030000 - 0x00007fff5c04b000 	C:\Program Files\Java\jdk-17\bin\VCRUNTIME140.dll
0x00007fff728b0000 - 0x00007fff72959000 	C:\WINDOWS\System32\msvcrt.dll
0x00007fff73a10000 - 0x00007fff73ab6000 	C:\WINDOWS\System32\sechost.dll
0x00007fff746c0000 - 0x00007fff747d6000 	C:\WINDOWS\System32\RPCRT4.dll
0x00007fff72df0000 - 0x00007fff72fbc000 	C:\WINDOWS\System32\USER32.dll
0x00007fff72420000 - 0x00007fff72447000 	C:\WINDOWS\System32\win32u.dll
0x00007fff743f0000 - 0x00007fff7441a000 	C:\WINDOWS\System32\GDI32.dll
0x00007fff72190000 - 0x00007fff722c1000 	C:\WINDOWS\System32\gdi32full.dll
0x00007fff72510000 - 0x00007fff725b3000 	C:\WINDOWS\System32\msvcp_win.dll
0x00007fff5a8c0000 - 0x00007fff5ab57000 	C:\WINDOWS\WinSxS\amd64_microsoft.windows.common-controls_6595b64144ccf1df_6.0.26100.3624_none_3e086962e3345f24\COMCTL32.dll
0x00007fff69fe0000 - 0x00007fff69feb000 	C:\WINDOWS\SYSTEM32\VERSION.dll
0x00007fff72970000 - 0x00007fff7299f000 	C:\WINDOWS\System32\IMM32.DLL
0x00007fff5c070000 - 0x00007fff5c07c000 	C:\Program Files\Java\jdk-17\bin\vcruntime140_1.dll
0x00007fff29760000 - 0x00007fff297ee000 	C:\Program Files\Java\jdk-17\bin\msvcp140.dll
0x00007ffec33b0000 - 0x00007ffec3f90000 	C:\Program Files\Java\jdk-17\bin\server\jvm.dll
0x00007fff73cb0000 - 0x00007fff73cb8000 	C:\WINDOWS\System32\PSAPI.DLL
0x00007fff59790000 - 0x00007fff5979a000 	C:\WINDOWS\SYSTEM32\WSOCK32.dll
0x00007fff59bb0000 - 0x00007fff59be6000 	C:\WINDOWS\SYSTEM32\WINMM.dll
0x00007fff72d70000 - 0x00007fff72de4000 	C:\WINDOWS\System32\WS2_32.dll
0x00007fff70aa0000 - 0x00007fff70aba000 	C:\WINDOWS\SYSTEM32\kernel.appcore.dll
0x00007fff48570000 - 0x00007fff4857a000 	C:\Program Files\Java\jdk-17\bin\jimage.dll
0x00007fff5a5b0000 - 0x00007fff5a7f1000 	C:\WINDOWS\SYSTEM32\DBGHELP.DLL
0x00007fff729e0000 - 0x00007fff72d62000 	C:\WINDOWS\System32\combase.dll
0x00007fff735e0000 - 0x00007fff736b6000 	C:\WINDOWS\System32\OLEAUT32.dll
0x00007fff58c60000 - 0x00007fff58c99000 	C:\WINDOWS\SYSTEM32\dbgcore.DLL
0x00007fff720f0000 - 0x00007fff72189000 	C:\WINDOWS\System32\bcryptPrimitives.dll
0x00007fff3e270000 - 0x00007fff3e295000 	C:\Program Files\Java\jdk-17\bin\java.dll
0x00007fff26b50000 - 0x00007fff26c27000 	C:\Program Files\Java\jdk-17\bin\jsvml.dll
0x00007fff73cc0000 - 0x00007fff743e9000 	C:\WINDOWS\System32\SHELL32.dll
0x00007fff725c0000 - 0x00007fff72728000 	C:\WINDOWS\System32\wintypes.dll
0x00007fff6f970000 - 0x00007fff701c2000 	C:\WINDOWS\SYSTEM32\windows.storage.dll
0x00007fff73bc0000 - 0x00007fff73cad000 	C:\WINDOWS\System32\SHCORE.dll
0x00007fff73570000 - 0x00007fff735d4000 	C:\WINDOWS\System32\shlwapi.dll
0x00007fff71ba0000 - 0x00007fff71bcf000 	C:\WINDOWS\SYSTEM32\profapi.dll
0x00007fff3e910000 - 0x00007fff3e929000 	C:\Program Files\Java\jdk-17\bin\net.dll
0x00007fff64ec0000 - 0x00007fff64fdd000 	C:\WINDOWS\SYSTEM32\WINHTTP.dll
0x00007fff70fc0000 - 0x00007fff7102a000 	C:\WINDOWS\system32\mswsock.dll
0x00007fff3db00000 - 0x00007fff3db16000 	C:\Program Files\Java\jdk-17\bin\nio.dll
0x00007fff3d7f0000 - 0x00007fff3d808000 	C:\Program Files\Java\jdk-17\bin\zip.dll
0x00007fff643d0000 - 0x00007fff643f4000 	C:\Program Files\NetBeans-23\netbeans\java\maven\lib\jansi-native\Windows\x86_64\jansi.dll
0x00007fff480d0000 - 0x00007fff480e0000 	C:\Program Files\Java\jdk-17\bin\verify.dll

dbghelp: loaded successfully - version: 4.0.5 - missing functions: none
symbol engine: initialized successfully - sym options: 0x614 - pdb path: .;C:\Program Files\Java\jdk-17\bin;C:\WINDOWS\SYSTEM32;C:\WINDOWS\WinSxS\amd64_microsoft.windows.common-controls_6595b64144ccf1df_6.0.26100.3624_none_3e086962e3345f24;C:\Program Files\Java\jdk-17\bin\server;C:\Program Files\NetBeans-23\netbeans\java\maven\lib\jansi-native\Windows\x86_64

VM Arguments:
jvm_args: -Dclassworlds.conf=C:\Program Files\NetBeans-23\netbeans\java\maven\bin\m2.conf -Dmaven.home=C:\Program Files\NetBeans-23\netbeans\java\maven -Dlibrary.jansi.path=C:\Program Files\NetBeans-23\netbeans\java\maven\lib\jansi-native -Dmaven.multiModuleProjectDirectory=C:\Users\Sistemas\Downloads\MySQL_Java-main\MySQL_Java-main 
java_command: org.codehaus.plexus.classworlds.launcher.Launcher -Dmaven.ext.class.path=C:\Program Files\NetBeans-23\netbeans\java\maven-nblib\netbeans-eventspy.jar --no-transfer-progress clean install
java_class_path (initial): C:\Program Files\NetBeans-23\netbeans\java\maven\boot\plexus-classworlds-2.8.0.jar
Launcher Type: SUN_STANDARD

[Global flags]
     intx CICompilerCount                          = 3                                         {product} {ergonomic}
     uint ConcGCThreads                            = 2                                         {product} {ergonomic}
     uint G1ConcRefinementThreads                  = 6                                         {product} {ergonomic}
   size_t G1HeapRegionSize                         = 2097152                                   {product} {ergonomic}
    uintx GCDrainStackTargetSize                   = 64                                        {product} {ergonomic}
   size_t InitialHeapSize                          = 260046848                                 {product} {ergonomic}
   size_t MarkStackSize                            = 4194304                                   {product} {ergonomic}
   size_t MaxHeapSize                              = 4135583744                                {product} {ergonomic}
   size_t MaxNewSize                               = 2480930816                                {product} {ergonomic}
   size_t MinHeapDeltaBytes                        = 2097152                                   {product} {ergonomic}
   size_t MinHeapSize                              = 8388608                                   {product} {ergonomic}
    uintx NonNMethodCodeHeapSize                   = 5832780                                {pd product} {ergonomic}
    uintx NonProfiledCodeHeapSize                  = 122912730                              {pd product} {ergonomic}
    uintx ProfiledCodeHeapSize                     = 122912730                              {pd product} {ergonomic}
    uintx ReservedCodeCacheSize                    = 251658240                              {pd product} {ergonomic}
     bool SegmentedCodeCache                       = true                                      {product} {ergonomic}
   size_t SoftMaxHeapSize                          = 4135583744                             {manageable} {ergonomic}
     bool UseCompressedClassPointers               = true                           {product lp64_product} {ergonomic}
     bool UseCompressedOops                        = true                           {product lp64_product} {ergonomic}
     bool UseG1GC                                  = true                                      {product} {ergonomic}
     bool UseLargePagesIndividualAllocation        = false                                  {pd product} {ergonomic}

Logging:
Log output configuration:
 #0: stdout all=warning uptime,level,tags
 #1: stderr all=off uptime,level,tags

Environment Variables:
JAVA_HOME=C:\Program Files\Java\jdk-17
PATH=C:\Program Files (x86)\VMware\VMware Player\bin\;C:\Program Files\Common Files\Oracle\Java\javapath;C:\WINDOWS\system32;C:\WINDOWS;C:\WINDOWS\System32\Wbem;C:\WINDOWS\System32\WindowsPowerShell\v1.0\;C:\WINDOWS\System32\OpenSSH\;C:\PROGRA~2\Vision;C:\PROGRA~2\Vision\SYSTEM;C:\PROGRA~2\COMMON~1\Vision;C:\Program Files (x86)\HP\Common\HPDestPlgIn\;C:\Users\Sistemas\AppData\Local\Programs\Python\Python313\Scripts;C:\Program Files\nodejs\;C:\Program Files\Git\cmd;c:\Users\Sistemas\AppData\Local\Programs\cursor\resources\app\bin;C:\Program Files\MySQL\MySQL Shell 8.0\bin\;C:\Users\Sistemas\AppData\Local\Programs\Python\Launcher\;C:\Users\Sistemas\AppData\Local\Microsoft\WindowsApps;C:\Users\Sistemas\AppData\Local\Programs\Microsoft VS Code\bin;C:\Program Files (x86)\HP\Common\HPDestPlgIn\;C:\Users\Sistemas\AppData\Local\Programs\Azure Data Studio\bin;C:\Users\Sistemas\AppData\Local\Programs\mongosh\;C:\Program Files (x86)\MongoDB Atlas CLI\;C:\Users\Sistemas\AppData\Local\Programs\Python\Python313\Scripts;C:\Users\Sistemas\AppData\Roaming\npm;C:\Snort\bin;C:\Users\Sistemas\AppData\Local\Programs\cursor\resources\app\bin
USERNAME=Sistemas
OS=Windows_NT
PROCESSOR_IDENTIFIER=Intel64 Family 6 Model 158 Stepping 10, GenuineIntel



---------------  S Y S T E M  ---------------

OS:
 Windows 11 , 64 bit Build 26100 (10.0.26100.3775)
OS uptime: 1 days 17:51 hours

CPU: total 6 (initial active 6) (6 cores per cpu, 1 threads per core) family 6 model 158 stepping 10 microcode 0xf8, cx8, cmov, fxsr, mmx, 3dnowpref, sse, sse2, sse3, ssse3, sse4.1, sse4.2, popcnt, lzcnt, tsc, tscinvbit, avx, avx2, aes, erms, clmul, bmi1, bmi2, rtm, adx, fma, vzeroupper, clflush, clflushopt

Memory: 4k page, system-wide physical 15774M (5612M free)
TotalPageFile size 15774M (AvailPageFile size 377M)
current process WorkingSet (physical memory assigned to process): 104M, peak: 104M
current process commit charge ("private bytes"): 361M, peak: 362M

vm_info: Java HotSpot(TM) 64-Bit Server VM (17.0.12+8-LTS-286) for windows-amd64 JRE (17.0.12+8-LTS-286), built on Jun  5 2024 06:46:59 by "mach5one" with MS VC++ 17.6 (VS2022)

END.
