#
# There is insufficient memory for the Java Runtime Environment to continue.
# Native memory allocation (mmap) failed to map 260046848 bytes for G1 virtual space
# Possible reasons:
#   The system is out of physical RAM or swap space
#   The process is running with CompressedOops enabled, and the Java Heap may be blocking the growth of the native heap
# Possible solutions:
#   Reduce memory load on the system
#   Increase physical memory or swap space
#   Check if swap backing store is full
#   Decrease Java heap size (-Xmx/-Xms)
#   Decrease number of Java threads
#   Decrease Java thread stack sizes (-Xss)
#   Set larger code cache with -XX:ReservedCodeCacheSize=
#   JVM is running with Zero Based Compressed Oops mode in which the Java heap is
#     placed in the first 32GB address space. The Java Heap base address is the
#     maximum limit for the native heap growth. Please use -XX:HeapBaseMinAddress
#     to set the Java Heap base and to place the Java Heap above 32GB virtual address.
# This output file may be truncated or incomplete.
#
#  Out of Memory Error (os_windows.cpp:3548), pid=12640, tid=9852
#
# JRE version:  (17.0.12+8) (build )
# Java VM: Java HotSpot(TM) 64-Bit Server VM (17.0.12+8-LTS-286, mixed mode, sharing, tiered, compressed oops, compressed class ptrs, g1 gc, windows-amd64)
# No core dump will be written. Minidumps are not enabled by default on client versions of Windows
#

---------------  S U M M A R Y ------------

Command Line: -Dclassworlds.conf=C:\Program Files\NetBeans-23\netbeans\java\maven\bin\m2.conf -Dmaven.home=C:\Program Files\NetBeans-23\netbeans\java\maven -Dlibrary.jansi.path=C:\Program Files\NetBeans-23\netbeans\java\maven\lib\jansi-native -Dmaven.multiModuleProjectDirectory=C:\Users\Sistemas\Downloads\MySQL_Java-main\MySQL_Java-main org.codehaus.plexus.classworlds.launcher.Launcher -Dmaven.ext.class.path=C:\Program Files\NetBeans-23\netbeans\java\maven-nblib\netbeans-eventspy.jar --no-transfer-progress clean install

Host: Intel(R) Core(TM) i5-8500 CPU @ 3.00GHz, 6 cores, 15G,  Windows 11 , 64 bit Build 26100 (10.0.26100.3775)
Time: Thu May  8 14:33:58 2025 Hora est. Pacífico, Sudamérica elapsed time: 0.043852 seconds (0d 0h 0m 0s)

---------------  T H R E A D  ---------------

Current thread (0x0000026b5ebcf690):  JavaThread "Unknown thread" [_thread_in_vm, id=9852, stack(0x0000007200700000,0x0000007200800000)]

Stack: [0x0000007200700000,0x0000007200800000]
Native frames: (J=compiled Java code, j=interpreted, Vv=VM code, C=native code)
V  [jvm.dll+0x67a04a]
V  [jvm.dll+0x7da4ed]
V  [jvm.dll+0x7dbe33]
V  [jvm.dll+0x7dc4a3]
V  [jvm.dll+0x24508f]
V  [jvm.dll+0x677089]
V  [jvm.dll+0x66bd32]
V  [jvm.dll+0x301fa6]
V  [jvm.dll+0x309546]
V  [jvm.dll+0x359d2e]
V  [jvm.dll+0x359f5f]
V  [jvm.dll+0x2d9078]
V  [jvm.dll+0x2d9fe4]
V  [jvm.dll+0x7aca21]
V  [jvm.dll+0x367591]
V  [jvm.dll+0x78b999]
V  [jvm.dll+0x3ec83f]
V  [jvm.dll+0x3ee471]
C  [jli.dll+0x5297]
C  [ucrtbase.dll+0x37b0]
C  [KERNEL32.DLL+0x2e8d7]
C  [ntdll.dll+0xb14fc]


---------------  P R O C E S S  ---------------

Threads class SMR info:
_java_thread_list=0x00007fff3da97a18, length=0, elements={
}

Java Threads: ( => current thread )

Other Threads:
  0x0000026b5ec3c810 GCTaskThread "GC Thread#0" [stack: 0x0000007200800000,0x0000007200900000] [id=4084]
  0x0000026b5ec4cce0 ConcurrentGCThread "G1 Main Marker" [stack: 0x0000007200900000,0x0000007200a00000] [id=17220]
  0x0000026b5ec4e2c0 ConcurrentGCThread "G1 Conc#0" [stack: 0x0000007200a00000,0x0000007200b00000] [id=21328]

[error occurred during error reporting (printing all threads), id 0xc0000005, EXCEPTION_ACCESS_VIOLATION (0xc0000005) at pc=0x00007fff3d2c9b67]

VM state: not at safepoint (not fully initialized)

VM Mutex/Monitor currently owned by a thread:  ([mutex/lock_event])
[0x0000026b5ebcc9f0] Heap_lock - owner thread: 0x0000026b5ebcf690

Heap address: 0x0000000709800000, size: 3944 MB, Compressed Oops mode: Zero based, Oop shift amount: 3

CDS archive(s) mapped at: [0x0000000000000000-0x0000000000000000-0x0000000000000000), size 0, SharedBaseAddress: 0x0000000800000000, ArchiveRelocationMode: 1.
Narrow klass base: 0x0000000000000000, Narrow klass shift: 0, Narrow klass range: 0x0

GC Precious Log:
<Empty>

Heap:
 garbage-first heap   total 0K, used 0K [0x0000000709800000, 0x0000000800000000)
  region size 2048K, 0 young (0K), 0 survivors (0K)

[error occurred during error reporting (printing heap information), id 0xc0000005, EXCEPTION_ACCESS_VIOLATION (0xc0000005) at pc=0x00007fff3d6b3859]

GC Heap History (0 events):
No events

Deoptimization events (0 events):
No events

Classes unloaded (0 events):
No events

Classes redefined (0 events):
No events

Internal exceptions (0 events):
No events

VM Operations (0 events):
No events

Events (1 events):
Event: 0.010 Loaded shared library C:\Program Files\Java\jdk-17\bin\java.dll


Dynamic libraries:
0x00007ff6642e0000 - 0x00007ff6642f0000 	C:\Program Files\Java\jdk-17\bin\java.exe
0x00007fff94ac0000 - 0x00007fff94d20000 	C:\WINDOWS\SYSTEM32\ntdll.dll
0x00007fff931a0000 - 0x00007fff93267000 	C:\WINDOWS\System32\KERNEL32.DLL
0x00007fff92210000 - 0x00007fff925da000 	C:\WINDOWS\System32\KERNELBASE.dll
0x00007fff92030000 - 0x00007fff9217b000 	C:\WINDOWS\System32\ucrtbase.dll
0x00007fff61850000 - 0x00007fff61869000 	C:\Program Files\Java\jdk-17\bin\jli.dll
0x00007fff81bd0000 - 0x00007fff81beb000 	C:\Program Files\Java\jdk-17\bin\VCRUNTIME140.dll
0x00007fff949b0000 - 0x00007fff94a62000 	C:\WINDOWS\System32\ADVAPI32.dll
0x00007fff944f0000 - 0x00007fff94599000 	C:\WINDOWS\System32\msvcrt.dll
0x00007fff947a0000 - 0x00007fff94846000 	C:\WINDOWS\System32\sechost.dll
0x00007fff93380000 - 0x00007fff93496000 	C:\WINDOWS\System32\RPCRT4.dll
0x00007fff93660000 - 0x00007fff9382c000 	C:\WINDOWS\System32\USER32.dll
0x00007fff91ec0000 - 0x00007fff91ee7000 	C:\WINDOWS\System32\win32u.dll
0x00007fff93890000 - 0x00007fff938ba000 	C:\WINDOWS\System32\GDI32.dll
0x00007fff7ea50000 - 0x00007fff7ece7000 	C:\WINDOWS\WinSxS\amd64_microsoft.windows.common-controls_6595b64144ccf1df_6.0.26100.3624_none_3e086962e3345f24\COMCTL32.dll
0x00007fff91ef0000 - 0x00007fff92021000 	C:\WINDOWS\System32\gdi32full.dll
0x00007fff91ca0000 - 0x00007fff91d43000 	C:\WINDOWS\System32\msvcp_win.dll
0x00007fff89db0000 - 0x00007fff89dbb000 	C:\WINDOWS\SYSTEM32\VERSION.dll
0x00007fff92940000 - 0x00007fff9296f000 	C:\WINDOWS\System32\IMM32.DLL
0x00007fff8e410000 - 0x00007fff8e41c000 	C:\Program Files\Java\jdk-17\bin\vcruntime140_1.dll
0x00007fff6e150000 - 0x00007fff6e1de000 	C:\Program Files\Java\jdk-17\bin\msvcp140.dll
0x00007fff3cfe0000 - 0x00007fff3dbc0000 	C:\Program Files\Java\jdk-17\bin\server\jvm.dll
0x00007fff93880000 - 0x00007fff93888000 	C:\WINDOWS\System32\PSAPI.DLL
0x00007fff7c4f0000 - 0x00007fff7c4fa000 	C:\WINDOWS\SYSTEM32\WSOCK32.dll
0x00007fff7d480000 - 0x00007fff7d4b6000 	C:\WINDOWS\SYSTEM32\WINMM.dll
0x00007fff94470000 - 0x00007fff944e4000 	C:\WINDOWS\System32\WS2_32.dll
0x00007fff90ab0000 - 0x00007fff90aca000 	C:\WINDOWS\SYSTEM32\kernel.appcore.dll
0x00007fff8db40000 - 0x00007fff8db4a000 	C:\Program Files\Java\jdk-17\bin\jimage.dll
0x00007fff7d680000 - 0x00007fff7d8c1000 	C:\WINDOWS\SYSTEM32\DBGHELP.DLL
0x00007fff92e10000 - 0x00007fff93192000 	C:\WINDOWS\System32\combase.dll
0x00007fff94190000 - 0x00007fff94266000 	C:\WINDOWS\System32\OLEAUT32.dll
0x00007fff7d030000 - 0x00007fff7d069000 	C:\WINDOWS\SYSTEM32\dbgcore.DLL
0x00007fff925e0000 - 0x00007fff92679000 	C:\WINDOWS\System32\bcryptPrimitives.dll
0x00007fff7a0c0000 - 0x00007fff7a0e5000 	C:\Program Files\Java\jdk-17\bin\java.dll

dbghelp: loaded successfully - version: 4.0.5 - missing functions: none
symbol engine: initialized successfully - sym options: 0x614 - pdb path: .;C:\Program Files\Java\jdk-17\bin;C:\WINDOWS\SYSTEM32;C:\WINDOWS\WinSxS\amd64_microsoft.windows.common-controls_6595b64144ccf1df_6.0.26100.3624_none_3e086962e3345f24;C:\Program Files\Java\jdk-17\bin\server

VM Arguments:
jvm_args: -Dclassworlds.conf=C:\Program Files\NetBeans-23\netbeans\java\maven\bin\m2.conf -Dmaven.home=C:\Program Files\NetBeans-23\netbeans\java\maven -Dlibrary.jansi.path=C:\Program Files\NetBeans-23\netbeans\java\maven\lib\jansi-native -Dmaven.multiModuleProjectDirectory=C:\Users\Sistemas\Downloads\MySQL_Java-main\MySQL_Java-main 
java_command: org.codehaus.plexus.classworlds.launcher.Launcher -Dmaven.ext.class.path=C:\Program Files\NetBeans-23\netbeans\java\maven-nblib\netbeans-eventspy.jar --no-transfer-progress clean install
java_class_path (initial): C:\Program Files\NetBeans-23\netbeans\java\maven\boot\plexus-classworlds-2.8.0.jar
Launcher Type: SUN_STANDARD

[Global flags]
     intx CICompilerCount                          = 3                                         {product} {ergonomic}
     uint ConcGCThreads                            = 2                                         {product} {ergonomic}
     uint G1ConcRefinementThreads                  = 6                                         {product} {ergonomic}
   size_t G1HeapRegionSize                         = 2097152                                   {product} {ergonomic}
    uintx GCDrainStackTargetSize                   = 64                                        {product} {ergonomic}
   size_t InitialHeapSize                          = 260046848                                 {product} {ergonomic}
   size_t MarkStackSize                            = 4194304                                   {product} {ergonomic}
   size_t MaxHeapSize                              = 4135583744                                {product} {ergonomic}
   size_t MinHeapDeltaBytes                        = 2097152                                   {product} {ergonomic}
   size_t MinHeapSize                              = 8388608                                   {product} {ergonomic}
    uintx NonNMethodCodeHeapSize                   = 5832780                                {pd product} {ergonomic}
    uintx NonProfiledCodeHeapSize                  = 122912730                              {pd product} {ergonomic}
    uintx ProfiledCodeHeapSize                     = 122912730                              {pd product} {ergonomic}
    uintx ReservedCodeCacheSize                    = 251658240                              {pd product} {ergonomic}
     bool SegmentedCodeCache                       = true                                      {product} {ergonomic}
   size_t SoftMaxHeapSize                          = 4135583744                             {manageable} {ergonomic}
     bool UseCompressedClassPointers               = true                           {product lp64_product} {ergonomic}
     bool UseCompressedOops                        = true                           {product lp64_product} {ergonomic}
     bool UseG1GC                                  = true                                      {product} {ergonomic}
     bool UseLargePagesIndividualAllocation        = false                                  {pd product} {ergonomic}

Logging:
Log output configuration:
 #0: stdout all=warning uptime,level,tags
 #1: stderr all=off uptime,level,tags

Environment Variables:
JAVA_HOME=C:\Program Files\Java\jdk-17
PATH=C:\Program Files (x86)\VMware\VMware Player\bin\;C:\Program Files\Common Files\Oracle\Java\javapath;C:\WINDOWS\system32;C:\WINDOWS;C:\WINDOWS\System32\Wbem;C:\WINDOWS\System32\WindowsPowerShell\v1.0\;C:\WINDOWS\System32\OpenSSH\;C:\PROGRA~2\Vision;C:\PROGRA~2\Vision\SYSTEM;C:\PROGRA~2\COMMON~1\Vision;C:\Program Files (x86)\HP\Common\HPDestPlgIn\;C:\Users\Sistemas\AppData\Local\Programs\Python\Python313\Scripts;C:\Program Files\nodejs\;C:\Program Files\Git\cmd;c:\Users\Sistemas\AppData\Local\Programs\cursor\resources\app\bin;C:\Program Files\MySQL\MySQL Shell 8.0\bin\;C:\Users\Sistemas\AppData\Local\Programs\Python\Launcher\;C:\Users\Sistemas\AppData\Local\Microsoft\WindowsApps;C:\Users\Sistemas\AppData\Local\Programs\Microsoft VS Code\bin;C:\Program Files (x86)\HP\Common\HPDestPlgIn\;C:\Users\Sistemas\AppData\Local\Programs\Azure Data Studio\bin;C:\Users\Sistemas\AppData\Local\Programs\mongosh\;C:\Program Files (x86)\MongoDB Atlas CLI\;C:\Users\Sistemas\AppData\Local\Programs\Python\Python313\Scripts;C:\Users\Sistemas\AppData\Roaming\npm;C:\Snort\bin;C:\Users\Sistemas\AppData\Local\Programs\cursor\resources\app\bin
USERNAME=Sistemas
OS=Windows_NT
PROCESSOR_IDENTIFIER=Intel64 Family 6 Model 158 Stepping 10, GenuineIntel



---------------  S Y S T E M  ---------------

OS:
 Windows 11 , 64 bit Build 26100 (10.0.26100.3775)
OS uptime: 3 days 1:22 hours

CPU: total 6 (initial active 6) (6 cores per cpu, 1 threads per core) family 6 model 158 stepping 10 microcode 0xf8, cx8, cmov, fxsr, mmx, 3dnowpref, sse, sse2, sse3, ssse3, sse4.1, sse4.2, popcnt, lzcnt, tsc, tscinvbit, avx, avx2, aes, erms, clmul, bmi1, bmi2, rtm, adx, fma, vzeroupper, clflush, clflushopt

Memory: 4k page, system-wide physical 15774M (4827M free)
TotalPageFile size 15774M (AvailPageFile size 78M)
current process WorkingSet (physical memory assigned to process): 12M, peak: 12M
current process commit charge ("private bytes"): 56M, peak: 304M

vm_info: Java HotSpot(TM) 64-Bit Server VM (17.0.12+8-LTS-286) for windows-amd64 JRE (17.0.12+8-LTS-286), built on Jun  5 2024 06:46:59 by "mach5one" with MS VC++ 17.6 (VS2022)

END.
